1014
801 180 316
793 33 253
628 149 136
456 132 309
443 25 380
519 286 186
211 221 131
355 289 362
48 50 350
309 277 40
474 131 337
695 130 197
603 381 32
325 309 323
82 122 342
244 20 363
93 332 100
696 261 298
129 25 205
194 350 394
928 399 37
195 76 371
345 360 315
299 367 353
6 345 127
1004 379 69
758 5 213
139 305 288
19 91 90
735 149 224
754 96 153
413 151 363
60 318 203
876 26 356
712 225 67
872 344 76
658 396 270
777 350 68
136 60 204
283 106 37
949 382 291
41 233 199
331 263 387
304 84 246
678 9 198
829 235 186
143 327 353
441 393 94
23 160 390
535 220 383
412 181 324
138 41 318
813 389 234
383 324 275
357 376 249
890 40 1
50 266 75
470 355 33
268 238 165
810 354 84
973 207 200
689 59 343
431 117 223
368 249 300
704 187 371
941 14 2
505 2 41
354 304 89
978 356 159
789 34 157
77 97 341
765 38 333
58 122 398
969 41 335
408 154 231
596 325 379
909 186 136
853 22 263
933 365 112
365 38 47
451 250 259
191 275 365
688 375 390
791 285 54
471 341 379
487 216 256
4 167 80
290 9 38
422 347 366
848 26 315
125 50 202
572 284 304
1006 376 290
864 83 22
666 191 187
561 338 136
447 354 73
342 56 206
726 119 98
350 259 10
433 93 25
310 321 8
616 203 395
573 6 103
592 121 108
380 283 21
674 148 169
792 361 346
47 317 196
271 46 173
400 126 165
241 114 163
629 308 153
439 82 271
391 20 247
869 165 136
220 356 348
630 73 312
192 276 160
326 295 163
752 3 85
302 394 82
954 275 220
159 372 81
694 310 210
867 279 281
955 222 47
528 171 201
189 156 154
164 313 21
539 6 272
896 79 70
429 350 336
514 172 332
86 112 191
295 351 366
716 205 156
13 317 389
593 278 104
501 308 327
381 92 29
799 376 180
669 235 21
90 56 134
475 201 78
69 264 86
868 136 261
379 114 15
432 373 382
320 379 29
926 198 257
680 337 303
632 397 69
834 390 80
486 248 85
284 199 332
71 276 52
339 119 340
79 15 314
807 301 173
917 2 22
445 221 266
846 23 181
529 140 74
12 265 296
26 362 39
40 94 89
362 118 189
344 83 218
130 169 337
818 11 275
668 222 220
667 266 180
717 95 151
513 309 304
975 122 213
708 377 69
131 217 84
24 166 43
382 103 355
182 56 221
52 206 133
64 385 214
947 33 238
335 232 145
168 98 362
843 73 47
204 232 361
548 88 17
556 320 95
607 106 100
652 136 292
94 188 122
871 393 333
208 176 255
859 89 102
698 50 70
229 205 101
873 37 383
578 151 384
907 15 42
774 393 189
649 319 75
929 24 49
741 182 213
983 175 164
46 193 128
181 321 80
230 28 52
266 55 210
480 37 346
772 383 336
536 24 27
559 14 72
322 329 61
661 15 276
957 182 319
1002 380 387
488 304 240
497 321 72
692 215 328
923 346 341
924 252 370
714 16 132
602 309 353
469 1 344
18 20 28
557 28 188
305 171 90
428 375 112
707 347 221
491 33 264
809 179 390
410 260 226
449 166 217
805 315 20
257 120 207
581 277 109
738 39 89
190 14 214
699 24 39
739 386 80
2 367 370
455 332 382
584 321 83
546 187 355
764 351 302
886 259 294
8 18 352
910 111 229
463 272 389
898 66 360
11 352 268
1010 48 3
583 367 397
744 100 52
446 110 276
888 350 382
296 169 150
38 156 390
223 351 284
806 343 28
360 335 13
406 203 213
83 4 29
301 184 86
838 236 182
877 185 127
329 221 373
81 25 86
358 260 122
811 298 332
986 279 3
158 16 121
171 387 45
453 383 73
857 366 102
625 326 4
209 7 275
370 107 161
914 230 244
317 353 194
710 257 174
748 59 217
278 155 341
328 265 350
397 30 214
671 276 280
563 250 254
462 116 338
897 158 90
146 17 172
121 241 77
534 169 293
399 349 345
967 229 209
882 190 278
91 358 289
974 42 337
921 49 2
387 21 168
66 180 372
976 234 390
769 54 154
817 313 247
800 229 212
148 256 227
802 287 390
552 378 346
842 44 236
512 299 274
524 344 357
127 228 365
784 187 333
981 398 138
54 248 220
273 95 86
7 176 257
757 132 109
936 293 281
697 116 179
847 317 185
92 211 26
245 222 18
141 198 384
308 310 113
821 179 290
318 309 378
530 244 277
402 255 25
785 317 304
101 43 396
95 229 81
722 151 185
911 315 279
53 335 128
831 228 247
701 14 169
120 178 372
731 154 209
564 92 50
851 35 266
972 330 125
375 111 165
679 108 164
349 376 388
874 65 371
750 373 269
647 294 9
858 143 23
425 320 171
285 322 389
711 282 186
903 395 333
252 281 149
411 333 73
644 293 84
582 296 228
75 86 128
415 96 164
255 258 366
1008 283 348
70 167 202
608 229 100
1005 381 167
258 10 329
753 85 32
132 378 165
237 173 14
458 138 278
303 167 399
540 376 33
825 304 36
854 249 326
944 137 385
376 121 343
478 176 21
622 115 288
351 65 264
721 226 241
343 333 340
822 41 75
307 349 213
542 355 71
790 38 183
126 175 54
579 77 312
621 159 328
918 38 66
63 173 264
527 227 379
356 151 391
966 255 143
998 47 305
207 104 298
293 121 87
588 1 171
249 113 12
175 257 10
676 73 180
173 153 383
849 354 364
751 267 239
916 280 267
508 249 286
298 396 375
336 256 245
468 226 187
369 332 381
835 173 293
724 104 177
363 274 178
390 289 358
483 373 224
374 353 92
878 70 250
720 383 315
461 335 21
165 120 269
650 192 111
300 1 77
103 233 117
106 356 283
347 46 359
706 84 45
520 143 227
359 242 57
946 383 175
544 398 271
442 245 264
291 38 289
150 207 47
795 290 32
464 193 273
17 113 295
1013 340 269
218 240 68
657 342 150
747 33 202
319 316 285
161 57 15
21 201 357
895 131 229
771 284 256
479 269 164
715 92 53
925 216 43
373 24 156
550 205 69
953 170 36
740 394 127
28 342 351
541 310 44
935 163 170
198 155 377
515 98 30
840 41 314
994 112 197
25 327 386
963 147 253
334 112 103
905 206 47
938 207 76
421 140 64
5 127 180
155 231 63
623 270 194
845 29 31
424 383 19
465 18 252
324 259 319
435 144 389
824 91 254
570 167 14
690 350 362
893 89 1
939 161 378
197 105 6
725 271 162
990 155 247
215 198 48
682 309 273
332 345 125
855 229 172
44 148 362
700 203 399
196 365 197
264 143 313
430 83 30
183 132 63
775 22 19
274 311 275
850 196 231
619 13 74
492 399 209
733 326 260
254 212 364
409 148 166
1011 243 27
214 259 127
549 131 225
3 315 139
122 380 218
932 138 223
631 75 311
597 75 320
472 236 229
145 255 108
1009 316 83
996 105 246
248 10 33
883 275 91
589 170 315
33 316 384
482 128 105
836 134 383
427 292 176
670 88 126
262 286 90
585 368 144
156 70 34
414 89 18
532 398 72
467 180 285
642 371 148
875 323 207
985 33 63
200 393 42
899 385 350
420 88 208
545 317 39
137 231 58
518 61 120
574 396 393
59 328 333
102 70 112
734 160 294
96 384 24
419 290 342
687 56 370
681 305 378
879 245 21
987 366 352
134 157 306
166 237 243
270 24 170
922 223 141
755 127 51
68 138 3
416 72 310
576 313 117
595 251 263
1007 65 103
533 395 39
627 240 286
523 107 124
727 306 177
852 89 388
281 358 394
444 323 307
537 368 24
591 174 364
22 67 255
553 166 253
705 123 293
942 14 59
162 124 97
30 68 231
246 158 201
394 115 167
803 29 63
109 73 322
118 46 270
598 55 118
902 322 236
149 166 267
315 371 339
880 385 138
116 233 114
34 21 39
767 342 299
234 224 219
476 381 336
16 314 41
348 357 304
565 240 125
558 374 74
773 134 235
940 177 309
154 330 117
250 99 55
506 312 2
919 346 114
862 135 295
516 273 259
931 118 67
157 332 222
703 117 63
1012 109 76
232 329 75
313 73 25
968 219 254
151 399 82
691 49 204
912 91 386
730 215 241
185 358 15
920 69 30
798 206 56
338 199 174
551 21 194
580 233 241
395 102 290
438 40 151
531 112 320
163 147 92
502 188 315
828 303 59
436 260 9
457 6 301
759 204 232
108 334 179
115 122 349
904 397 104
999 4 15
485 257 159
117 87 235
228 109 190
648 256 131
39 97 260
178 343 57
316 335 98
213 140 229
396 385 355
489 198 9
656 77 48
9 266 49
948 89 295
891 179 102
51 126 237
1003 63 246
404 254 4
29 61 62
600 274 54
844 109 175
128 6 293
685 362 314
970 249 121
768 133 199
820 237 92
226 170 310
677 300 272
1000 371 101
259 288 273
562 288 169
640 226 258
815 305 345
952 21 147
78 253 228
172 81 318
737 142 271
778 168 24
289 135 35
384 209 170
937 80 247
261 28 98
992 190 230
781 320 384
839 71 30
885 384 325
870 47 334
216 230 118
418 352 167
481 14 279
770 272 139
814 29 207
174 236 122
473 235 269
991 225 153
620 381 161
729 376 42
110 70 80
510 321 146
865 193 274
205 229 23
606 371 4
247 325 239
571 166 70
321 108 390
945 384 377
160 47 144
385 228 4
613 363 390
826 15 18
927 333 259
74 246 205
684 73 288
45 154 151
611 295 162
80 227 38
686 47 313
388 286 118
251 107 337
169 85 218
962 358 216
87 358 236
392 364 177
594 21 67
386 199 141
641 302 89
908 31 185
894 66 316
749 138 214
113 165 15
554 222 346
72 165 226
99 6 228
36 51 331
762 173 234
982 256 120
995 364 335
989 332 348
170 345 265
683 312 73
279 200 70
280 348 194
517 325 37
609 125 175
459 174 369
522 48 20
184 361 133
709 173 285
760 110 195
856 268 180
0 233 290
663 97 236
124 332 148
366 215 372
265 12 386
67 135 80
352 254 193
224 213 293
231 197 153
297 83 260
610 3 353
340 149 17
702 336 56
495 321 199
718 109 157
881 172 238
206 238 8
951 258 125
466 113 20
626 100 274
210 264 361
494 358 198
454 273 128
236 64 16
743 326 303
221 192 179
913 354 342
256 158 80
107 93 78
634 381 216
509 36 335
615 206 77
225 260 58
569 78 162
713 83 244
605 60 213
477 219 194
538 47 143
645 65 344
958 257 270
73 88 50
240 297 258
841 110 364
732 212 110
10 121 82
286 44 287
525 5 106
55 355 205
364 208 172
1001 362 9
144 329 269
590 31 274
673 250 91
984 245 96
587 52 193
672 88 320
98 19 389
62 49 217
104 250 232
105 148 110
153 48 392
267 45 82
378 344 389
819 130 276
934 333 65
212 122 376
49 138 318
235 46 50
889 212 43
217 98 121
901 356 335
393 149 120
1 375 19
88 152 355
37 138 126
372 204 108
728 141 5
437 165 80
193 185 154
277 380 206
490 220 17
965 352 172
979 209 191
971 265 152
639 225 223
243 170 320
341 331 107
20 141 367
180 25 272
961 14 43
403 346 76
560 340 144
577 385 345
114 234 214
823 266 160
100 236 325
787 398 155
756 203 272
97 283 380
693 286 233
333 153 235
423 353 354
371 72 380
547 242 361
887 7 59
179 182 116
780 346 206
643 260 376
654 66 221
199 292 300
604 141 390
659 144 46
746 26 309
498 330 84
915 26 265
719 88 122
203 363 228
448 308 340
675 130 335
832 160 88
112 292 1
993 180 333
504 268 251
637 87 33
89 280 274
337 328 97
575 55 364
892 399 23
119 108 136
997 253 355
964 215 152
76 250 373
405 116 118
660 165 21
167 252 41
346 367 1
830 276 389
272 227 361
782 19 323
665 202 322
988 220 390
152 93 237
239 265 208
507 275 145
812 254 351
123 232 18
796 47 208
493 241 282
426 272 374
32 18 184
779 157 163
651 4 345
827 347 12
188 277 345
555 231 55
816 88 323
499 23 247
222 273 245
543 39 306
884 201 271
260 122 204
662 152 20
263 311 166
276 224 344
330 320 76
452 213 397
511 79 202
417 116 390
863 333 30
85 68 141
736 99 172
950 321 121
42 211 309
960 185 341
638 279 278
407 145 372
434 319 277
766 337 120
61 80 109
147 267 17
599 236 391
111 300 341
980 4 130
253 367 211
401 358 23
201 148 285
612 286 67
633 271 92
282 127 201
135 12 381
788 269 68
956 295 133
783 174 394
176 163 323
566 237 387
786 304 86
288 390 189
311 125 155
745 163 183
327 228 91
521 263 341
794 30 108
808 363 322
238 372 150
287 132 220
242 348 338
65 386 11
943 96 157
617 81 112
314 365 347
567 387 78
377 274 126
219 93 127
601 68 43
655 149 144
833 187 182
186 138 145
635 216 340
312 201 227
804 209 234
500 70 146
306 386 210
776 51 228
15 57 311
294 227 56
653 137 314
292 360 211
460 253 297
646 105 136
526 23 386
177 60 280
233 275 170
353 164 131
31 187 24
484 241 317
503 98 177
140 186 232
761 6 170
269 333 127
496 137 346
837 44 217
27 311 33
861 113 67
398 373 345
723 195 388
389 8 234
227 81 396
742 271 225
56 307 53
84 236 210
586 221 293
906 346 30
930 107 259
440 362 173
624 32 54
797 236 396
142 249 270
664 348 290
866 33 269
14 275 344
450 288 364
133 285 95
361 147 201
900 396 318
187 123 390
568 13 255
860 292 399
275 386 147
636 328 117
959 273 147
43 42 115
57 182 72
202 138 359
367 249 96
323 264 156
35 188 304
614 182 357
618 82 311
763 216 212
977 314 354
