1122
103 1004 788
106 1039 373
349 786 353
108 785 326
535 1136 770
368 636 1120
669 582 828
1038 221 207
70 249 227
604 238 201
736 492 409
918 527 416
781 520 377
1103 690 190
1069 582 920
455 620 918
1072 206 831
163 864 563
799 847 547
987 904 1004
1079 857 1012
365 1133 1086
327 1139 1126
235 382 263
975 132 330
277 1030 1049
384 41 167
28 954 988
171 689 668
1027 436 889
151 405 888
388 712 453
224 1133 282
46 1075 91
871 32 975
467 276 1109
1061 71 414
429 71 396
802 218 690
444 1165 390
281 497 928
985 478 945
72 1171 455
419 131 584
548 135 567
674 147 563
7 145 577
82 994 256
653 995 207
221 620 240
109 626 274
357 596 242
458 784 1052
558 822 1092
637 143 909
963 150 957
706 163 263
35 173 263
67 260 1000
1036 237 978
765 800 550
691 802 592
547 137 420
203 133 439
289 785 1128
68 555 400
117 582 372
649 586 406
1097 513 252
582 464 251
423 599 1060
292 589 1039
603 577 1057
264 669 47
854 1161 1013
418 834 869
387 859 346
190 846 364
900 818 11
907 539 507
386 570 510
570 926 491
270 636 1121
1087 532 764
275 217 736
340 1039 487
636 1039 489
715 780 228
833 435 762
725 527 758
848 235 105
283 148 99
948 716 1005
97 525 1132
343 482 56
698 285 453
318 298 114
974 854 1045
947 53 1091
950 52 1190
949 432 1083
966 383 258
782 45 124
85 951 990
1104 687 709
543 1074 91
361 1123 886
469 277 1117
841 27 815
702 79 872
69 30 745
254 37 681
335 999 207
628 945 257
914 89 703
1070 463 302
681 862 498
177 718 39
1120 834 867
378 828 803
865 226 1160
818 341 922
1094 290 922
955 340 922
170 300 313
307 947 787
693 933 381
14 791 359
84 788 325
880 759 326
665 793 354
195 1193 771
94 1137 770
989 972 92
823 908 152
389 647 826
940 438 757
490 525 761
1078 435 761
363 517 407
360 520 378
169 230 15
588 632 183
1029 687 185
1050 959 18
1065 921 19
370 966 30
215 585 928
968 187 454
47 289 120
15 56 1190
463 60 1190
780 1129 1117
1060 1096 1117
523 1095 1123
513 700 627
421 615 623
899 616 535
596 703 624
514 695 530
86 129 328
409 123 289
881 89 291
1089 125 284
599 443 862
755 436 890
911 435 889
960 712 452
196 715 454
402 1134 254
451 1142 291
926 1105 289
503 384 460
961 335 1048
425 275 1113
1051 1090 643
0 1118 611
743 1118 639
896 1119 611
445 226 617
607 301 615
75 1136 103
253 152 1059
557 161 1027
903 620 242
111 616 265
473 593 242
515 595 242
728 437 208
748 880 893
773 903 916
951 876 915
991 880 894
936 235 1005
800 793 561
250 760 587
437 154 701
598 152 763
286 1119 962
727 1120 926
44 1037 1137
497 1002 1143
40 424 359
654 583 374
619 578 398
220 556 378
984 575 373
296 555 394
102 556 377
584 107 29
449 185 148
585 192 179
364 157 143
537 158 143
12 157 172
58 772 801
1054 833 867
539 409 619
573 366 620
375 1006 850
1057 941 850
1074 926 488
1116 932 377
288 780 177
640 732 1119
924 909 88
912 972 153
925 583 826
946 526 758
908 525 758
324 244 202
839 220 222
776 237 218
645 220 224
927 241 201
708 227 15
238 713 1049
572 674 1009
62 208 829
27 565 1132
861 398 52
372 291 557
191 289 555
210 184 553
840 355 47
740 292 46
810 867 1039
309 861 1005
703 898 1002
803 156 1084
789 698 620
767 418 295
356 420 295
200 379 291
957 422 295
32 382 257
204 1002 988
54 955 986
687 728 676
657 690 667
494 689 714
568 1036 87
1016 1080 52
635 1046 50
420 1075 51
428 1081 845
240 1125 888
471 1126 887
269 1121 845
125 1128 890
508 1123 842
1035 89 396
1014 97 419
48 71 415
152 72 396
22 71 417
682 23 869
859 24 815
849 24 823
176 294 621
95 223 692
747 221 687
492 223 618
522 33 685
741 1133 107
1052 1133 185
670 1172 499
663 1171 464
1064 992 219
51 945 259
851 819 1088
267 779 1091
1 144 913
135 142 910
853 102 911
280 153 418
777 153 419
76 136 420
30 156 438
988 153 437
251 784 1181
132 471 249
460 466 304
236 518 301
852 855 423
836 844 370
754 861 363
156 845 349
333 867 371
589 862 346
239 841 367
717 825 35
60 802 29
813 819 10
130 818 10
1059 341 923
701 346 929
385 569 510
456 542 509
758 338 275
811 300 318
895 300 314
965 1040 490
367 1141 710
332 1136 713
602 1193 770
39 908 151
980 974 153
341 974 159
1100 903 152
81 646 825
310 434 672
730 990 658
205 930 608
141 988 658
282 930 606
1030 930 657
1034 230 104
248 140 14
328 680 179
962 681 138
1110 629 183
1080 921 22
575 583 920
110 614 950
186 584 920
660 582 946
410 585 949
745 615 919
905 585 920
892 864 566
1107 843 561
290 844 544
655 845 543
744 862 542
824 858 544
952 844 561
531 857 555
234 189 454
756 299 114
561 352 49
986 53 1090
967 53 1092
845 1095 1117
998 1095 1122
529 1129 1087
882 1132 1086
564 623 617
672 616 534
680 695 532
826 623 618
1114 127 327
618 89 327
888 1034 1071
172 1032 1049
87 1027 1051
96 1016 1051
611 1012 1065
794 1014 1053
1058 1029 1064
832 1002 938
897 1007 993
29 1008 993
64 1009 942
211 442 896
185 408 864
34 1135 254
774 1102 285
158 1108 254
123 382 551
1022 32 940
921 32 979
247 334 1112
867 276 1108
768 23 854
650 24 854
382 72 813
919 303 691
150 296 614
304 1134 107
45 1167 385
856 483 927
100 503 949
920 481 948
1109 487 927
648 153 588
942 152 566
164 143 564
616 132 582
956 134 567
877 134 566
440 947 210
183 1033 823
219 1048 807
147 1036 808
291 1047 819
443 1036 807
507 157 282
140 173 277
1021 159 276
124 172 263
796 173 262
870 173 275
785 160 276
400 523 207
383 787 578
997 795 548
742 89 702
198 838 1130
366 1038 1175
1010 1036 1140
17 1039 1137
476 1034 1176
580 356 358
801 418 427
772 360 356
496 420 424
120 464 253
454 787 490
1081 857 495
181 785 428
729 591 1038
923 591 1039
1007 596 1058
634 592 1051
90 578 1053
527 580 1039
752 104 35
143 726 46
835 674 37
155 185 173
996 154 144
278 157 164
837 161 145
632 771 859
658 227 1160
314 226 1161
898 406 582
633 406 617
1019 294 876
165 341 924
1002 345 923
380 950 840
1091 1010 852
483 1039 488
474 1040 487
1032 762 326
465 769 339
450 759 356
559 783 336
77 785 325
891 790 355
825 756 348
982 822 174
822 784 177
1106 822 175
711 644 1120
805 734 1122
1009 525 755
506 990 604
262 987 643
821 496 380
1084 524 381
237 493 414
869 493 399
486 491 382
302 523 412
475 224 95
217 230 16
935 684 181
549 718 1051
578 675 1010
601 672 1044
1056 697 1042
326 207 822
938 570 1173
846 525 1133
9 561 1132
893 189 458
876 292 460
315 285 551
526 901 1050
424 899 1042
546 868 1039
413 154 1088
879 54 1091
166 59 540
762 489 1077
433 432 1078
928 492 1022
502 434 1022
571 615 620
26 419 256
331 419 254
59 377 295
978 425 299
279 404 258
396 42 124
553 84 129
1063 690 668
718 691 667
66 687 711
554 732 666
246 712 454
1075 688 456
806 685 473
540 685 464
820 465 548
656 468 460
19 1076 51
1037 1036 95
885 1035 91
415 1075 50
623 1125 842
566 1126 888
828 1084 847
910 336 1108
104 1092 615
162 1117 637
1033 1121 613
1045 1091 615
322 1117 611
858 1093 615
398 291 688
311 34 738
536 167 1050
945 183 1029
79 152 1031
510 592 269
646 625 271
188 618 242
857 824 1051
977 819 1087
700 786 1052
775 820 1088
1102 812 1052
303 781 1062
362 142 913
719 100 952
308 101 911
342 905 890
268 909 891
757 876 917
639 910 920
779 876 916
724 238 999
683 260 1001
972 251 978
563 261 1002
1031 260 1002
819 239 983
416 103 703
592 148 757
620 95 701
784 148 758
133 1092 930
872 1114 954
493 1115 954
468 1116 926
797 1088 950
542 1121 960
1096 1114 927
11 1088 929
339 418 429
394 555 398
427 557 377
759 587 402
816 854 496
532 785 498
1113 670 43
80 669 44
453 827 861
569 770 804
213 829 861
933 827 864
101 338 312
844 303 300
678 301 279
675 1039 490
478 1035 378
538 933 389
173 928 389
953 1040 489
337 936 389
694 1039 491
379 780 225
544 784 178
863 823 177
778 824 221
624 1136 769
834 1139 763
979 1198 775
901 907 153
16 910 158
119 976 156
187 971 93
1066 644 821
576 644 822
995 229 16
873 141 14
600 966 26
121 921 25
276 219 736
915 295 736
91 289 758
393 431 35
860 191 557
875 289 117
732 356 47
560 358 119
222 58 1194
138 52 1191
878 61 627
56 63 633
944 432 1079
1053 1094 1117
917 1127 1117
533 1099 1086
817 695 535
615 87 321
941 130 325
306 123 321
391 87 322
178 127 287
712 994 941
922 53 312
23 43 235
753 385 460
462 384 461
466 276 1060
209 93 415
581 76 396
808 89 397
439 92 396
122 71 398
417 97 418
1043 71 419
43 70 417
78 74 814
545 65 861
764 234 616
179 298 616
733 294 615
399 296 684
890 290 688
297 221 688
667 35 751
1047 31 738
294 20 701
426 1165 385
505 1164 385
432 983 221
194 950 207
791 946 259
407 526 116
664 441 129
913 436 186
258 770 552
249 800 591
351 792 561
447 795 554
485 763 585
787 835 1130
1071 787 1178
8 836 1178
381 783 1181
233 1002 1140
71 1001 1176
731 1035 1166
593 462 297
4 516 302
197 463 297
696 512 252
686 786 428
127 856 424
10 859 499
6 67 37
313 71 35
442 108 34
180 771 860
530 774 800
271 229 1174
452 272 1161
750 280 1164
541 409 624
376 402 583
350 406 618
245 388 582
643 372 585
316 370 622
737 295 918
916 339 922
884 347 876
404 345 928
272 342 923
265 565 503
1073 541 502
42 544 484
299 541 489
344 548 482
651 542 485
113 569 483
684 542 484
707 569 512
128 943 790
688 948 855
1046 942 796
504 942 843
243 944 823
348 943 850
647 1005 788
1006 1041 385
690 733 1123
904 910 88
771 909 89
160 972 151
638 907 151
677 643 826
1108 580 765
1048 586 826
57 584 759
662 525 756
1003 530 755
115 438 760
334 930 609
721 224 204
518 244 203
735 220 219
52 220 218
49 247 226
583 239 201
868 219 219
519 239 220
112 512 380
207 517 381
520 492 408
812 489 384
746 518 380
610 517 380
550 140 15
709 678 138
1024 711 1008
477 690 1037
345 674 1010
63 713 1048
182 711 1009
722 585 922
517 615 920
788 588 918
330 612 945
2 615 921
969 209 827
105 289 757
319 527 1168
459 527 1174
1055 563 1132
371 561 1169
301 399 48
516 477 48
228 287 551
699 188 553
202 899 1004
929 893 1005
74 857 1017
605 66 537
403 60 627
1017 65 627
671 499 1027
377 485 1022
831 432 1077
431 623 616
1092 379 290
317 383 257
411 417 290
274 84 128
751 84 131
1004 42 126
263 688 711
710 729 705
697 688 707
20 428 880
13 405 886
556 443 864
499 436 886
154 424 880
293 417 862
148 44 235
591 47 238
954 1134 256
973 1134 284
359 1107 254
435 1136 254
244 1137 290
159 1134 253
738 465 550
55 1063 73
1112 1074 88
412 1036 86
714 1069 89
579 1082 56
528 1045 50
676 1036 88
320 1037 51
685 28 939
501 2 968
1098 22 939
149 1126 842
137 1132 892
397 1046 805
354 225 690
586 22 689
395 33 681
889 32 685
1005 33 682
847 1136 107
18 1144 186
414 1172 497
392 1171 499
1020 1174 455
405 818 1088
644 780 1087
352 823 1051
295 784 1050
1090 142 952
930 103 911
227 99 911
157 133 950
804 443 204
142 523 205
369 94 762
489 96 764
1068 149 757
134 153 420
641 158 419
61 137 419
498 137 421
970 138 436
199 136 436
1067 155 436
93 137 418
408 138 420
1011 139 419
886 1117 954
815 1114 955
883 1087 957
790 1087 950
793 1113 954
216 1120 928
261 841 1180
795 784 1179
1076 789 1130
1119 785 1131
1042 350 364
41 425 431
679 847 543
761 854 492
436 854 423
401 786 497
464 185 172
1023 159 145
242 156 177
193 190 145
760 185 143
338 190 179
829 157 171
932 155 176
855 1165 1069
83 845 348
689 849 350
92 845 350
1095 847 352
174 846 350
24 863 346
629 820 10
145 819 11
567 800 13
630 802 27
606 802 35
609 818 13
88 817 29
511 801 34
976 324 303
992 304 278
353 301 280
487 337 311
259 300 279
161 301 278
25 320 279
716 301 318
214 763 325
1121 784 326
184 784 329
1018 784 351
786 757 346
959 826 176
1082 787 220
305 780 180
118 784 176
329 825 175
1041 733 1125
126 972 156
612 959 96
373 972 152
167 906 151
770 587 761
50 582 827
260 582 826
1093 643 767
937 526 755
257 990 657
488 933 606
666 984 604
792 930 659
642 227 16
1117 140 17
232 141 11
5 630 130
481 677 179
136 921 17
981 925 4
705 209 822
597 298 740
1115 859 544
902 846 551
521 858 557
887 843 559
617 847 545
273 845 562
783 856 553
146 843 558
827 482 49
336 284 551
1111 341 101
206 238 997
1039 56 1189
256 60 628
1122 496 1025
114 490 1087
241 452 1052
713 432 1085
33 488 1077
1118 1099 1087
430 1108 1083
491 1129 1086
590 1133 1120
472 1129 1088
1062 1128 1087
1001 1134 1123
625 1125 1117
842 1098 1123
438 654 562
906 622 625
943 89 288
1026 101 318
766 129 289
749 121 287
769 114 316
1101 1016 1053
661 1034 1070
448 1015 1069
325 1012 1066
565 1013 1063
300 1027 1050
814 1028 1050
441 1027 1049
934 1017 1053
763 1016 1052
524 86 129
168 161 143
999 79 166
595 1007 942
208 991 941
862 40 301
479 43 241
1015 685 468
192 708 473
321 713 454
723 709 453
850 709 455
577 695 452
1012 703 476
99 686 464
864 385 461
704 1123 883
695 1082 886
668 1084 849
284 1124 883
652 338 1108
1040 276 1111
285 334 1052
38 333 1052
739 1092 616
673 1116 611
613 1091 638
931 1091 639
1008 1091 616
512 1124 643
993 1093 616
994 1119 613
983 1119 639
484 75 869
562 76 817
622 27 823
1000 34 844
153 1138 186
131 174 1053
964 176 1028
807 152 1029
509 175 1050
470 153 1031
434 180 1027
1086 182 1057
1105 174 1027
116 155 1031
347 151 1052
1085 1170 344
552 1171 340
909 1167 390
692 1171 346
457 484 927
266 495 928
555 481 940
594 503 947
390 484 928
574 501 927
374 480 946
798 1183 459
1049 1170 499
223 1181 459
587 1173 460
346 1172 500
525 145 578
551 150 565
37 146 563
231 133 584
866 134 584
1044 134 568
65 133 568
189 145 575
894 150 585
21 147 564
1028 949 262
461 996 207
1025 947 260
446 1051 825
144 1037 808
226 1047 805
175 1049 818
225 1033 820
36 1036 806
355 619 264
129 593 270
971 593 247
838 604 242
107 621 268
255 603 242
621 618 243
3 593 266
958 157 278
229 176 260
312 159 277
608 174 278
98 161 263
1088 157 276
480 177 279
726 169 261
252 173 279
482 160 266
139 527 119
614 520 207
358 525 116
1099 878 919
406 879 894
843 877 917
627 907 918
534 265 979
990 238 981
1077 262 1002
809 263 977
830 261 1003
659 236 997
212 260 999
422 259 977
626 238 987
31 794 585
874 794 586
89 762 557
218 794 584
939 796 588
495 762 588
1013 764 585
734 796 551
73 97 764
1083 92 757
720 149 758
323 152 703
500 150 761
287 1001 1174
631 1042 1141
230 1033 1176
53 1002 1181
201 1034 1175
