6257
5656 1125 1703
91 1133 1693
1429 1123 1665
4794 1092 1703
4125 1129 1646
4018 1146 1667
5225 1127 1703
4515 1100 1697
5025 1115 1665
5298 1088 1687
1508 1104 1691
3811 1143 1639
350 1150 1638
6196 1159 1651
3962 1097 1633
2037 1069 1673
101 1083 1646
121 1139 1630
3381 1110 1626
286 1087 1641
5065 1093 1646
5480 1110 1708
3334 1158 1645
3816 1108 1635
2593 1152 1639
5364 1518 1618
4889 1533 1630
261 1508 1636
745 1482 1610
2826 1521 1637
9 1484 1617
5828 1529 1624
5247 1503 1636
1144 1518 1641
2516 1490 1661
2528 1484 1647
2209 1529 1666
71 1539 1640
2294 1520 1653
411 1499 1602
115 1057 1696
6032 1484 1644
4762 1531 1638
195 1491 1656
2228 1511 1604
6217 1481 1645
2458 1515 1602
2747 1531 1658
3751 1063 1656
106 1524 1634
4807 1514 1641
2922 1534 1655
6047 1154 1623
2224 1501 1595
5180 1500 1639
3672 1514 1650
2306 1537 1648
128 1513 1597
3151 1473 1621
4555 1517 1633
3911 1169 1648
4852 1466 1623
2668 1521 1620
2365 1529 1642
2850 1505 1627
3656 1528 1641
244 1513 1660
2381 1493 1600
2424 1479 1629
701 1514 1648
4089 1089 1713
143 1497 1605
1537 1526 1624
5891 1519 1602
6226 1477 1651
4781 1513 1627
5057 1495 1638
3161 1116 1628
2320 1535 1652
869 1511 1630
2419 1462 1643
2954 1532 1662
5229 1525 1628
2870 1470 1650
1524 1487 1607
5716 1470 1652
2908 1507 1592
1362 1528 1649
476 1493 1662
1158 1470 1646
2847 1480 1618
2616 1514 1665
993 1485 1628
4628 1050 1687
4371 1486 1646
2080 1475 1641
1339 1524 1639
4632 1521 1664
331 1487 1658
3277 1110 1619
4856 1474 1630
2309 1528 1657
5893 1509 1649
1252 1509 1662
1686 1524 1607
1431 1522 1665
4899 1172 1631
4530 1478 1631
2948 1521 1632
3326 1502 1657
5807 1513 1644
1782 1519 1644
2926 1491 1655
464 1128 1609
2074 1495 1663
634 1477 1620
478 1530 1645
3055 1508 1607
59 1129 1607
5804 1083 1631
5751 1473 1636
1464 1505 1601
5433 1469 1639
4600 1506 1638
4158 1536 1654
5176 1466 1621
5559 1484 1626
1101 1107 1723
3101 1506 1641
3637 1483 1642
6189 1162 1625
4185 1482 1645
199 1505 1600
2477 1131 1607
5228 1110 1614
2881 1476 1629
1541 1495 1634
2912 1496 1601
4017 1532 1646
1237 1525 1644
1712 1527 1663
4012 1497 1633
2883 1480 1652
2749 1514 1629
336 1493 1605
640 1512 1666
4978 1495 1657
1888 1481 1629
2187 1519 1637
3789 1468 1620
3930 1515 1626
2608 1509 1593
3023 1511 1661
4231 1503 1594
1837 1497 1639
1318 1492 1652
439 1531 1622
133 1465 1646
3613 1463 1638
3666 1491 1645
1483 1473 1638
6018 1477 1612
1420 1496 1649
24 1480 1625
4124 1087 1718
5429 1506 1632
1002 1527 1661
4629 1486 1605
5554 1475 1634
390 1524 1664
1851 1512 1668
4718 1480 1654
447 1482 1621
5845 1460 1631
1706 1508 1624
1522 1514 1623
3439 1509 1631
4866 1474 1615
4739 1528 1662
5944 1504 1635
488 1519 1660
608 1525 1643
4330 1492 1660
2680 1519 1647
2377 1509 1596
5582 1461 1647
860 1529 1626
771 1468 1647
256 1460 1640
1492 1470 1627
4431 1534 1625
6165 1497 1648
6252 1484 1629
4573 1135 1609
4439 1537 1638
4525 1525 1662
4921 1521 1660
3963 1504 1657
867 1510 1641
1297 1472 1627
5048 1510 1597
5609 1533 1643
858 1481 1626
1215 1503 1659
967 1508 1669
5569 1474 1617
38 1485 1642
3273 1528 1660
753 1466 1662
352 1545 1629
4257 1534 1621
5685 1419 1653
699 1516 1551
4163 1431 1655
391 1516 1560
449 1123 1606
4368 1501 1588
2939 1533 1606
4971 1529 1609
4356 1475 1554
632 1511 1572
460 1497 1584
4152 1505 1559
1384 1021 1660
181 1048 1705
1146 1490 1665
5555 1483 1596
3583 1506 1669
1195 1489 1594
4863 1544 1649
2814 1509 1672
2905 1427 1640
5895 1181 1641
1853 1396 1662
1290 1537 1677
5762 1497 1554
2336 1510 1585
98 1431 1638
1728 1483 1553
4854 1525 1580
4255 1545 1641
4920 1391 1664
2621 1435 1656
4859 1514 1571
1674 1448 1620
2560 1093 1613
2825 1517 1583
5763 1499 1581
2726 1502 1678
19 1442 1633
2783 1484 1572
315 1440 1637
2011 1504 1573
1861 1050 1641
4873 1535 1668
4470 1532 1676
4751 1449 1653
5755 1402 1656
5943 1502 1621
3757 1045 1708
6248 1438 1635
5173 1399 1657
1445 1495 1554
332 1453 1633
3471 1446 1661
95 1519 1616
4512 1506 1580
60 1506 1554
499 1492 1664
4936 1042 1654
3176 993 1658
2838 1527 1579
1907 1534 1597
3390 1461 1653
626 1457 1662
652 1539 1628
240 1535 1622
325 1550 1652
1026 1540 1668
2656 1482 1552
1143 1481 1536
1500 1488 1583
3820 1528 1668
4844 1460 1613
3049 1484 1554
4413 1493 1590
6228 1499 1588
207 1511 1562
319 1509 1575
3453 993 1659
4295 1414 1665
3387 1423 1648
3483 1544 1617
2109 1446 1620
51 1538 1681
159 1498 1535
727 1543 1621
1111 1539 1676
1917 1484 1599
3691 1509 1571
787 1515 1556
1874 1539 1627
615 1497 1531
5302 1533 1616
4537 1451 1636
906 1034 1706
2981 1544 1673
3398 1504 1587
3431 1525 1578
4846 1482 1535
5146 1494 1555
3552 1444 1658
4291 1506 1564
2500 1059 1637
5868 1523 1575
855 1532 1682
6103 1033 1690
2829 1525 1605
731 1515 1555
3016 1070 1632
3249 1525 1585
4131 1445 1621
388 1542 1622
1226 1452 1638
2980 1474 1656
564 1514 1559
1008 1480 1537
4298 1156 1613
5407 1522 1675
1589 1482 1541
3588 1529 1581
337 1539 1613
2044 1444 1632
4377 1453 1661
765 1458 1657
994 1543 1666
710 1438 1628
4267 1442 1628
6129 1499 1549
595 1497 1579
1652 1164 1620
957 1535 1681
367 1396 1666
1822 1517 1610
4831 1494 1557
1767 1496 1677
5191 1119 1599
5924 1484 1661
763 1493 1593
4481 1543 1620
5207 1488 1623
3184 1530 1671
5537 1527 1617
3922 1527 1679
1349 1470 1609
2371 1478 1547
5331 1515 1563
2755 1475 1560
3544 1506 1546
281 1458 1663
1155 1523 1611
6197 1518 1588
4057 1538 1661
5726 1523 1578
2181 1509 1581
3517 1495 1547
1764 1498 1630
4198 1508 1564
2251 1517 1574
3907 1507 1541
5508 1099 1735
3815 1489 1627
1578 1526 1593
6092 1535 1672
5583 1490 1630
1565 1498 1541
2059 1445 1659
4655 1533 1607
317 1533 1679
606 1496 1613
6149 1498 1619
5776 1516 1672
1438 1541 1613
3269 1450 1656
1613 1503 1564
4817 1460 1655
2373 1518 1581
3650 1067 1629
3902 1512 1552
4679 1478 1564
5035 1505 1539
3276 1434 1651
938 1468 1653
2533 1515 1580
4888 1497 1590
418 1494 1588
5265 1510 1587
5294 1503 1671
1812 1453 1624
3317 1494 1625
3067 1520 1575
4911 1484 1664
5499 1458 1648
3750 1488 1582
1137 1512 1543
4816 1496 1571
823 1438 1640
6162 1537 1658
6218 1502 1610
2056 1496 1589
643 1482 1547
459 1477 1546
5349 1479 1553
3331 1548 1633
3294 1497 1540
5345 1521 1594
102 1516 1565
4463 1501 1563
1245 1495 1620
4713 1441 1660
4228 1516 1586
4616 1111 1739
1036 1517 1563
4156 1501 1669
5938 1499 1583
3784 1460 1648
4182 1518 1591
2773 1463 1620
6214 1526 1684
2643 1480 1542
5284 1442 1650
2426 1483 1566
3180 1415 1664
1676 1117 1624
5989 1478 1550
1647 1428 1652
1238 1502 1572
5749 1493 1585
2665 1517 1566
2688 1434 1660
5872 1510 1551
517 1526 1597
2733 1532 1666
1412 1513 1568
1935 1482 1602
3030 1480 1603
1134 1487 1626
939 1038 1721
4039 1503 1679
1538 1400 1660
416 1502 1622
6 1522 1671
4532 1512 1674
2531 1554 1669
1163 1504 1586
5038 1515 1540
1597 1511 1570
1458 1454 1617
3943 1449 1631
5481 1503 1618
2379 1494 1542
1176 1493 1583
1543 1116 1600
1630 1525 1618
1733 1185 1626
4351 1520 1548
3444 1538 1634
5363 1512 1560
2903 1387 1661
3408 1452 1646
4084 1453 1634
1941 1493 1535
766 1487 1592
4692 1518 1576
5272 1539 1663
4880 1542 1627
961 1499 1552
4743 1189 1636
4003 1492 1616
816 1546 1663
4174 1486 1545
5283 1515 1568
1747 1545 1652
5028 1488 1544
5973 1527 1673
4495 1511 1580
3117 1495 1551
4145 1502 1538
839 1451 1643
1149 1490 1664
760 1515 1680
6132 1490 1619
3258 1480 1543
4047 1548 1676
2342 1474 1608
3021 1518 1592
5543 1538 1668
1800 1497 1566
892 1518 1547
2800 1518 1544
3543 1485 1550
1665 1523 1596
3912 1479 1552
3232 1505 1565
3497 1518 1611
2100 1539 1660
6078 1521 1683
109 1452 1623
234 1528 1600
69 1498 1563
4030 1512 1676
3579 1505 1566
2097 1542 1670
1468 1511 1549
2129 1486 1534
2945 1499 1568
3162 1525 1577
88 1412 1665
3178 1521 1552
4642 1491 1577
1783 1523 1617
2634 1170 1619
3671 1413 1664
5222 1481 1545
613 1509 1552
589 1431 1659
5051 1422 1657
6099 1016 1676
5781 1516 1592
5557 1548 1647
1684 1494 1675
2996 1523 1679
2238 1491 1672
3969 1112 1603
3367 1518 1676
5067 1434 1635
2609 1539 1614
6039 1499 1543
5155 1537 1615
5886 1489 1577
676 1517 1573
2615 1441 1569
1221 1456 1541
6075 1552 1648
2227 1542 1581
3362 1456 1587
1415 1586 1769
3900 1399 1685
4758 1407 1675
723 1435 1626
2007 1156 1592
5208 1517 1534
3996 1567 1668
4476 1477 1674
1184 1535 1558
3333 1203 1634
5720 1467 1673
210 1586 1667
1910 1557 1641
4865 1361 1645
1248 1505 1532
1958 1542 1577
5245 1461 1607
3240 1424 1635
885 1535 1542
6104 1565 1721
4388 1401 1689
103 1568 1710
2222 1427 1553
663 1558 1638
2573 1590 1704
5668 1466 1549
4810 1573 1676
5599 1524 1690
4770 1188 1616
5798 1413 1530
4558 1470 1583
5081 1578 1691
1074 1368 1659
5961 1514 1523
4950 1562 1666
5195 1439 1592
4304 1524 1687
2994 1481 1594
5815 1455 1560
4417 1420 1562
2451 1455 1591
253 1480 1673
3081 1534 1568
4345 1538 1541
6249 1461 1537
3865 1579 1708
5362 1565 1688
6079 1478 1576
4884 1483 1672
461 1465 1551
1628 1380 1658
3663 1551 1705
3837 1444 1559
2518 1545 1554
4916 1578 1701
6070 1439 1605
648 1526 1554
5978 1556 1631
4914 1457 1599
3992 1589 1698
2940 1523 1528
707 1523 1546
3849 1583 1679
3706 1484 1525
403 1430 1597
3521 1360 1659
1841 1451 1669
3770 1555 1716
1906 1457 1596
6135 1528 1563
3534 1408 1530
5159 1547 1622
3442 1561 1670
2982 1398 1649
276 1583 1660
1061 1582 1771
5091 1359 1649
400 1411 1580
363 1421 1544
582 1447 1561
2142 1421 1547
2553 1589 1684
3351 1571 1650
238 1558 1639
1956 1576 1680
3771 1516 1535
2362 1036 1733
4085 1566 1709
5912 1576 1654
2318 1569 1659
217 1359 1663
5144 1555 1634
4404 1427 1584
4890 1557 1630
919 1557 1662
4997 1452 1592
3736 1180 1601
3394 1406 1534
6256 1402 1635
2901 1553 1672
329 1482 1679
3936 1561 1714
5675 1537 1557
848 1510 1691
3530 1520 1689
6178 1560 1704
4072 1539 1586
2654 1380 1656
3916 1414 1690
2525 1466 1542
2301 1548 1732
2646 1413 1635
3982 1561 1695
2355 1160 1713
3159 1445 1588
5834 1585 1663
5044 1427 1684
273 1559 1715
1663 1489 1685
4428 1571 1657
1717 1575 1721
6238 1467 1601
4272 1479 1572
535 1426 1634
1280 1530 1540
4528 1499 1687
5532 1467 1575
1724 1191 1615
2004 1501 1518
1646 1380 1650
3242 1448 1543
1305 1565 1730
462 1486 1566
3248 1489 1522
3376 1561 1660
3348 1522 1540
28 1556 1696
4764 1508 1530
3565 1546 1613
2446 1082 1611
3020 1396 1676
354 1484 1592
230 1456 1584
5029 1380 1653
2160 1375 1645
1571 1380 1673
5775 1409 1563
2705 1482 1673
2527 1472 1589
4579 1415 1565
6167 1581 1711
4451 1543 1557
619 1451 1675
4367 1426 1684
782 1519 1539
3600 1433 1572
5485 1447 1599
1220 1578 1717
1124 1461 1584
465 1558 1705
1302 1544 1550
90 1565 1701
2361 1525 1530
2413 1417 1522
3315 1442 1590
3344 1555 1636
3026 1587 1686
242 1416 1546
419 1377 1660
4465 1391 1679
1703 1442 1663
2984 1553 1635
5006 1423 1667
3629 1582 1683
5379 1428 1572
5597 1535 1581
661 1548 1610
3556 1403 1544
5315 1431 1633
2906 1132 1610
833 1443 1670
2772 1552 1655
1450 1482 1685
3389 1569 1696
1309 1440 1613
4374 1451 1583
1546 1526 1530
6028 1421 1625
2851 1519 1529
1257 1468 1561
988 1465 1539
485 1542 1572
5113 1541 1680
2280 1449 1669
2921 1462 1602
160 1460 1538
155 1022 1645
1104 1577 1667
1866 1578 1773
3405 1392 1644
5127 1551 1666
5342 1397 1686
123 1438 1590
5424 1556 1655
5892 1417 1558
1071 1461 1668
3406 1434 1579
4710 1352 1663
4646 1433 1563
5742 1556 1697
1023 1508 1688
539 1566 1716
2835 1450 1568
1849 1553 1726
2164 1421 1569
5220 1535 1540
6181 1420 1542
4168 1495 1611
4293 1480 1587
4989 1516 1536
685 1466 1589
2925 1559 1707
5503 1432 1613
2386 1445 1595
2644 1467 1543
1171 1565 1706
3715 1567 1715
4014 1539 1565
2021 1426 1619
5643 1574 1774
305 1562 1699
2918 1528 1569
2135 1448 1545
5620 1580 1657
5988 1563 1722
2757 1442 1542
250 1561 1697
5945 1542 1594
3100 1419 1629
1525 1417 1683
5604 1438 1611
978 1447 1560
4311 1392 1672
6095 1442 1573
2647 1454 1544
3917 1485 1529
3524 1366 1653
3878 1564 1716
6247 1418 1527
4870 1421 1568
1714 1403 1532
1319 1136 1586
3233 1434 1587
3478 1424 1555
3436 1576 1720
1694 1423 1577
5564 1405 1568
5108 1536 1548
2869 1483 1593
3944 1418 1642
4742 1505 1523
5419 1477 1525
4052 1461 1603
3274 1415 1684
1792 1007 1629
4556 1423 1624
410 1573 1682
2963 1415 1679
547 1590 1769
525 1467 1552
5982 1430 1604
2724 1487 1679
4913 1427 1594
5330 1540 1576
3166 1575 1666
1754 1554 1707
5665 1571 1688
284 1488 1557
4659 1512 1534
2302 1122 1595
5361 1482 1585
2966 1439 1607
3193 1542 1570
806 1507 1521
976 1524 1693
1249 1557 1685
5147 1366 1671
4577 1438 1599
99 1446 1609
3622 1563 1656
1625 1474 1542
2144 1539 1571
6034 1454 1586
1477 1448 1662
605 1550 1707
3919 1443 1591
5584 1521 1534
1388 1516 1693
598 1370 1664
5338 1521 1528
4281 1580 1710
3425 1552 1666
2392 1551 1689
5745 1437 1617
780 1528 1557
2268 1403 1637
3643 1436 1586
3951 1472 1575
3831 1424 1622
4720 1421 1560
6157 1548 1701
4358 1481 1531
847 1544 1569
4485 1552 1724
3923 1397 1540
879 1525 1545
3409 1451 1605
1725 1527 1537
3458 1432 1577
2407 1483 1674
3702 1462 1542
3554 1561 1648
5711 1587 1696
5800 1551 1691
3229 1184 1607
3630 1444 1587
5446 1442 1577
4133 1553 1731
718 1580 1687
5977 1575 1659
2878 1555 1640
5790 1528 1529
3668 1462 1560
3574 1456 1578
2180 1539 1554
1446 1435 1547
2260 1555 1644
5969 1362 1662
2447 1550 1627
2030 1541 1565
5910 1451 1599
2429 1522 1694
2425 1422 1671
3735 1568 1708
1696 1524 1527
2246 1477 1569
916 1558 1732
5623 1490 1527
5310 1485 1532
609 1560 1671
4898 1572 1708
3380 1432 1566
1737 1519 1527
2370 1392 1680
6100 1575 1679
194 1545 1563
1761 1434 1619
3222 1559 1649
800 1417 1577
2722 1544 1565
1545 1059 1628
1607 1448 1609
1999 1435 1621
3468 1576 1718
2998 1531 1572
2035 1466 1578
1444 1554 1698
2701 1455 1543
672 1526 1564
1453 1452 1580
1073 1385 1676
4329 1557 1661
2465 1424 1549
1955 1465 1584
523 1457 1590
1254 1402 1679
4105 1510 1524
1345 1457 1548
1992 1454 1593
5864 1544 1576
2877 1433 1569
4714 1558 1643
5193 1532 1537
409 1545 1601
2130 1554 1639
1659 1428 1676
1743 1550 1722
842 1415 1552
406 1433 1581
4935 1482 1527
4965 1432 1588
5000 1566 1674
1880 1566 1718
372 1409 1525
382 1577 1704
4420 1170 1601
5296 1521 1686
2958 1427 1636
5269 1419 1545
5550 1450 1544
1044 1427 1551
830 1359 1657
3823 1455 1557
1140 1580 1660
1601 1479 1599
3137 1540 1597
4504 1440 1589
4945 1574 1688
5372 1468 1540
218 1551 1699
220 1485 1582
5094 1493 1612
550 1013 1698
2210 1586 1714
2841 1557 1651
170 1476 1567
247 1536 1585
3434 1399 1542
359 1569 1658
5516 1542 1575
2517 1434 1617
161 1493 1518
1666 1552 1713
1043 1579 1715
4868 1469 1527
6094 1588 1701
515 1377 1665
1809 1533 1544
5904 1028 1639
4885 1557 1652
366 1577 1694
6180 1575 1725
1830 1553 1613
3655 1538 1608
5388 1575 1729
5667 1582 1777
3846 1046 1544
1687 1437 1588
453 1520 1690
5890 1532 1554
1050 1544 1592
2879 1433 1611
5351 1554 1658
5979 1540 1562
4861 1532 1532
2693 1534 1586
1321 1483 1590
902 1427 1547
2352 1429 1683
3411 1438 1556
4078 1532 1577
283 1574 1673
4326 1503 1520
1834 1409 1538
1325 1424 1626
1938 1487 1523
5185 1451 1576
5853 1553 1638
44 1433 1549
2782 1463 1535
3714 1468 1577
5278 1365 1658
5418 1513 1694
4881 1410 1686
5355 1568 1785
2040 1464 1581
4310 1442 1612
1060 1450 1591
5974 1585 1718
3519 1562 1739
5198 1435 1549
2604 1358 1660
1016 1405 1677
2561 1470 1587
2750 1581 1658
2524 1382 1649
3108 1201 1618
5933 1578 1718
2490 1538 1590
4221 1475 1565
6150 1463 1608
4675 1431 1564
4822 1571 1721
854 1366 1641
637 1431 1632
4765 1421 1567
3391 1535 1579
1223 1527 1558
3121 1176 1678
4584 982 1665
4002 1579 1713
1805 1411 1532
1872 1558 1711
3147 1412 1575
3250 1504 1518
725 1587 1683
2287 1421 1537
4952 1375 1673
163 1581 1774
1755 1428 1627
5237 1575 1651
3675 1494 1685
3747 1470 1563
4966 1579 1707
2189 1045 1637
4623 1375 1661
1350 1414 1564
2788 1183 1726
5616 1584 1689
5728 1524 1529
1675 1435 1662
1310 1462 1596
5916 1442 1613
3658 1403 1681
3106 1530 1545
1311 1179 1606
3989 1491 1524
3927 1584 1773
3772 1540 1570
4325 1505 1682
2067 1554 1699
3353 1115 1614
4760 1458 1587
4685 1536 1542
1145 1431 1574
1723 1579 1652
512 1449 1553
4015 1557 1675
2959 1363 1643
722 1440 1548
2145 1517 1694
3073 1548 1722
3855 1549 1713
4040 1585 1775
6191 1422 1531
1496 1420 1581
1735 1581 1666
2587 1586 1705
5571 1454 1575
425 1476 1587
2611 1486 1684
3522 1387 1683
3611 1522 1688
1015 1569 1667
1480 1588 1666
5235 1455 1589
2669 1187 1734
4034 1382 1681
1278 1549 1714
2032 1460 1535
1695 1467 1676
3768 1579 1702
910 1483 1526
1109 1379 1646
6212 1567 1725
2321 1431 1573
3575 1429 1591
5947 1428 1672
1847 1187 1735
2664 1576 1774
603 1553 1696
5122 1544 1608
2951 1459 1584
1472 1541 1568
5548 1557 1648
4894 1445 1580
6172 1510 1518
498 1425 1559
4079 1438 1626
4422 1453 1604
2955 1002 1641
794 1564 1737
1732 1433 1544
3226 1592 1766
1616 1541 1582
3005 1470 1551
5110 1521 1691
1374 1577 1711
726 992 1639
3939 1481 1524
5483 1571 1663
3283 1559 1676
1147 1557 1701
2391 1560 1653
5522 1384 1643
3029 1422 1534
1832 1425 1629
4473 1562 1708
5855 1559 1672
601 1442 1548
3247 1509 1526
2887 1529 1534
3045 1555 1623
4969 1569 1668
2752 1552 1631
805 1032 1641
1669 1418 1579
2452 1556 1703
4725 1408 1528
1034 1463 1538
173 1581 1717
3987 1465 1531
1790 1568 1732
751 1564 1679
1348 1175 1598
764 1561 1679
3200 1554 1704
657 1548 1719
1893 1384 1644
1969 1563 1665
2618 1434 1545
53 1424 1596
1681 1553 1694
1092 1461 1591
4644 1413 1641
1466 1583 1666
3704 1122 1592
1255 1531 1579
4757 1472 1547
6160 1196 1622
1858 1497 1684
4077 1448 1672
4586 1543 1562
2844 1530 1563
3654 1049 1636
5306 1463 1601
2501 1437 1672
2857 1409 1649
6085 1562 1724
2449 1526 1692
2503 1545 1571
4661 1487 1520
3014 1558 1714
3532 1571 1695
5478 1584 1774
4258 1478 1531
4878 1460 1547
4658 1575 1665
202 1434 1665
2358 1452 1548
3560 1473 1586
5820 1563 1676
1909 1421 1645
6025 1560 1703
2396 1422 1682
5976 1465 1578
5063 1548 1731
1870 1578 1685
3812 1017 1709
1618 1553 1620
4860 1390 1673
4738 1458 1542
3036 1568 1731
1103 1478 1583
1180 1525 1688
4339 1420 1559
4024 1462 1597
477 1577 1662
2200 1471 1543
1577 1554 1714
1779 1554 1665
3153 1489 1610
2339 1584 1776
4350 1407 1532
3548 1480 1591
3059 1532 1567
3493 1583 1684
3355 1445 1561
3271 1491 1519
484 1577 1652
895 1444 1669
3893 1431 1550
5710 1432 1560
375 1504 1685
5301 1398 1641
4074 1043 1542
2704 1589 1687
1225 1433 1622
10 1431 1553
2308 1541 1595
2357 1455 1582
1604 1130 1586
4875 1424 1572
5589 1474 1541
1272 1429 1583
4828 1399 1639
5504 1580 1675
5517 1426 1676
1312 1420 1630
4189 1548 1736
2793 1414 1583
1758 1566 1689
5042 1537 1550
5445 1420 1543
2173 1162 1602
5380 1558 1668
5551 1382 1528
4800 1589 1712
625 1557 1789
1985 1477 1740
3913 1430 1705
5252 1488 1692
5520 1384 1525
1793 1580 1784
803 1402 1560
5664 1413 1587
785 1564 1646
5050 1548 1797
2264 1575 1740
3994 1602 1771
741 1480 1692
2739 1399 1696
2907 976 1652
3819 1384 1529
5724 1587 1749
1511 1634 1670
5699 1416 1593
6215 1327 1670
941 1579 1649
2952 1605 1704
3975 1612 1667
2979 1290 1524
3203 1548 1583
2637 1140 1572
2975 1624 1664
3058 1181 1669
825 1374 1682
3779 1535 1705
3824 1564 1788
5833 1479 1709
378 1604 1678
3901 1547 1556
3393 1201 1699
4869 1620 1670
6227 1549 1547
2532 1511 1702
6119 1470 1692
1844 1600 1690
6130 1148 1577
4416 1548 1584
857 1598 1702
5367 1597 1736
4933 1590 1685
746 1596 1784
542 1602 1696
4009 1589 1657
4108 1424 1606
909 1575 1735
3461 1575 1744
4135 1586 1652
3798 1310 1562
6023 1345 1657
959 1397 1556
2047 1046 1737
2174 1613 1671
5588 1530 1694
1813 1598 1707
4197 1350 1666
2946 1413 1519
5561 1551 1598
532 1542 1538
682 1185 1594
46 1401 1552
4395 1611 1704
1786 1455 1531
3236 1537 1527
5266 1529 1525
2915 1523 1515
2493 1557 1558
5194 1443 1526
1756 1515 1707
5440 1397 1587
5852 1459 1681
5782 1538 1689
2694 1153 1581
3952 1599 1688
5386 1587 1658
3896 1550 1600
6235 1560 1557
1452 1473 1694
3541 1383 1534
5727 1551 1605
6161 1567 1746
3133 1043 1523
3515 1496 1709
3906 1465 1684
2853 1578 1789
196 1396 1690
843 1550 1564
592 1498 1695
1975 1542 1710
2995 1536 1520
3208 1575 1784
5236 1421 1513
6021 1477 1716
328 1354 1641
392 1423 1541
5913 1491 1719
2364 1542 1541
5320 1558 1577
5307 1602 1700
42 1037 1537
1188 1579 1785
2277 989 1627
4698 1488 1718
5729 1563 1615
1901 1375 1547
6209 1554 1566
3869 1595 1681
130 1533 1520
922 1431 1694
874 1458 1522
2398 1609 1656
3495 1608 1660
4270 1525 1707
264 1460 1699
679 1386 1535
457 1182 1679
4534 1590 1705
1299 1556 1801
955 1339 1657
78 1589 1715
5935 1556 1746
5758 1423 1605
1838 1374 1684
151 1489 1688
6222 1590 1724
6068 1586 1650
6053 1473 1522
1627 1441 1534
1776 1387 1551
735 1465 1695
4839 1600 1654
6113 1534 1711
2484 1571 1648
1181 1594 1718
3191 1390 1527
4993 1599 1712
527 1558 1623
279 1591 1722
6116 1531 1526
3185 1602 1651
2157 1595 1711
5691 1556 1590
1971 1602 1675
6020 1324 1564
5540 1592 1717
5313 1475 1735
5437 1328 1650
6019 1606 1654
2118 1403 1517
2872 1555 1541
2512 1560 1635
6186 1609 1676
2378 1531 1705
1759 1409 1620
2236 1605 1657
429 1344 1651
3230 1380 1543
4727 1556 1559
6062 1541 1699
5964 1627 1668
3525 1402 1699
1900 1590 1657
3396 1084 1599
5876 1555 1793
6017 1305 1579
1355 1484 1723
6022 1591 1712
2170 1511 1705
5100 1337 1668
1201 1545 1532
5506 1407 1518
4348 1500 1701
778 1346 1676
135 1595 1690
1368 1586 1656
4062 1397 1516
67 1299 1563
1974 1535 1530
4520 1154 1583
1656 1594 1716
3311 1460 1518
5201 1566 1755
43 1532 1709
2455 1575 1760
2162 1472 1519
165 1606 1675
136 1074 1603
2815 1591 1686
1633 1428 1707
2012 1506 1714
2346 1011 1704
4148 1593 1746
5764 1446 1535
2640 1518 1512
5129 1533 1700
3872 1427 1693
5851 1595 1720
5915 1584 1739
2627 1593 1777
3749 1442 1688
1183 1548 1605
2314 1382 1547
2454 1557 1544
3028 1553 1593
3379 1420 1623
4019 1398 1551
458 1596 1773
1639 1562 1644
668 1626 1663
1406 1584 1648
180 1041 1530
1965 1552 1561
1001 1547 1551
2509 1516 1700
6134 1586 1753
1159 1582 1647
1179 1332 1644
4905 1550 1590
1142 1591 1701
137 1592 1656
4624 1606 1700
3689 1402 1562
4561 1589 1640
3631 1599 1687
4951 1385 1554
1531 1405 1550
2467 1444 1532
265 1554 1544
2973 1628 1663
3623 1489 1712
5314 1425 1609
3157 1369 1683
4385 1487 1726
4649 1362 1681
4137 1412 1695
3657 1585 1751
4840 1085 1604
5662 1533 1691
3741 1386 1549
2648 1580 1741
295 1514 1520
1335 1198 1600
1979 1399 1553
4243 1596 1671
2848 1416 1620
3856 1453 1523
2102 1047 1523
3920 1543 1532
5859 1551 1539
1989 1530 1703
3758 1587 1788
4462 1590 1648
2279 1407 1515
3946 1411 1508
1262 1506 1693
3146 1568 1650
4701 1124 1585
189 1598 1665
852 1474 1688
5080 1582 1730
4049 1560 1566
599 1422 1515
4050 1587 1716
2233 1342 1676
1128 1437 1533
4995 1563 1625
5575 1208 1721
3192 1035 1538
1528 1478 1717
2613 1400 1591
690 1388 1528
3903 1591 1668
4370 1508 1703
5114 1383 1684
2078 1582 1746
669 1426 1689
5217 1455 1729
1048 1564 1607
2014 1284 1533
2456 1297 1523
3592 1570 1649
5030 1401 1707
4450 1612 1668
1367 1473 1691
5204 1312 1560
572 1600 1706
4225 1340 1648
4886 1409 1628
11 1562 1624
877 1523 1702
3830 1577 1791
538 1322 1556
3422 1624 1669
819 1395 1514
558 1455 1522
5047 1486 1725
5166 977 1672
5791 1527 1709
2443 1555 1790
4531 1574 1761
5636 1612 1689
1386 1534 1531
1422 1002 1704
4508 1535 1695
812 1476 1516
4338 1536 1523
1924 1577 1761
5826 1518 1702
3801 1598 1669
4690 977 1676
5903 1427 1694
4671 1598 1684
177 1555 1592
4653 1553 1538
4517 1470 1722
278 1486 1697
3310 1196 1599
4205 1401 1695
3866 1574 1748
4651 1515 1705
6148 1417 1705
2663 1383 1544
2692 1442 1531
2734 1541 1687
3415 1413 1610
1738 1552 1566
3875 1353 1684
5705 1465 1709
5216 1470 1709
5172 1413 1703
3660 1556 1582
1583 1073 1598
2949 1592 1748
3624 1508 1705
1481 1394 1519
5753 1593 1721
5120 1596 1697
4159 1476 1687
6087 1462 1716
80 1570 1737
3940 1545 1548
1588 1642 1668
2039 1406 1616
3634 1561 1761
4673 1496 1517
5335 1586 1719
6058 1429 1614
1868 1442 1528
3636 1463 1524
454 1413 1614
5117 1468 1711
294 1546 1592
4444 1595 1730
1075 1296 1538
1771 1555 1609
2163 1504 1701
471 1460 1676
721 1328 1552
1902 1186 1602
1923 1402 1522
4551 1588 1651
112 1493 1712
431 1401 1510
4223 1407 1578
2231 1616 1658
543 1600 1705
2005 1109 1594
2974 1386 1524
3472 1552 1796
1213 1550 1531
2674 1576 1751
6074 1568 1641
1160 1595 1706
3079 1557 1753
734 1462 1685
124 998 1625
2741 1590 1727
405 1463 1708
501 1170 1709
164 1570 1762
5956 1546 1594
3701 1409 1717
5702 1476 1722
1770 1399 1555
3141 1590 1678
5010 1508 1715
900 1453 1687
1085 1487 1689
712 1584 1746
647 1613 1656
1121 1389 1537
1933 1457 1727
5809 1600 1681
6153 1519 1516
3983 1554 1746
3148 1537 1697
783 1407 1629
393 1557 1621
4036 1400 1575
4906 1602 1673
5031 1609 1670
1486 977 1660
3125 1599 1673
4033 1344 1659
3188 1466 1691
1199 1043 1624
4445 1550 1537
5965 1176 1583
6124 1579 1761
2247 1614 1691
2774 1622 1666
4948 1374 1683
1964 1196 1677
1347 1411 1509
21 1450 1680
1317 1547 1531
1620 1167 1679
1544 1294 1537
3659 1323 1666
5808 1442 1540
4254 1578 1749
1168 1466 1518
6243 1620 1666
6031 1556 1759
1442 1034 1539
4461 1396 1622
221 1546 1589
1591 1411 1589
347 1490 1693
5241 1552 1573
2723 1593 1692
5493 1187 1600
2629 1580 1740
1267 1573 1743
1436 1567 1650
6056 1561 1619
5684 1485 1716
658 1471 1680
2155 1391 1690
536 1447 1537
4796 1473 1723
5046 1553 1754
3209 1598 1781
5279 1542 1533
520 1593 1745
1441 1370 1684
4779 1402 1586
1658 1559 1757
4680 1410 1710
4848 1541 1528
5661 1401 1589
581 1528 1521
2259 1401 1629
5759 1323 1669
1187 1552 1536
4941 1474 1708
954 1469 1681
705 1556 1573
5624 1348 1656
1685 1548 1576
1982 1414 1713
4365 1399 1584
636 1503 1516
3687 1435 1543
4988 1631 1664
5757 1433 1698
2207 1041 1524
4774 1406 1710
113 1427 1702
856 1589 1787
1760 1321 1651
1981 1439 1532
2112 1536 1532
5972 1382 1536
3272 1478 1727
6177 1400 1701
1707 1450 1688
594 1518 1714
983 1585 1733
1673 1493 1713
5409 1523 1705
3307 1281 1525
1584 1551 1604
2237 1347 1670
3292 1546 1577
6207 1605 1717
696 1484 1516
831 1005 1721
1641 1506 1712
5884 1633 1671
300 1599 1666
4409 1298 1567
1413 1604 1658
5902 1550 1739
1330 1524 1521
3325 1460 1530
4775 1167 1693
1557 1153 1586
2226 1033 1531
5739 1401 1618
1848 1539 1529
2179 1399 1619
4829 1546 1546
2999 1190 1693
5567 1545 1539
607 1585 1782
5143 1488 1724
5921 1451 1532
4872 1017 1731
901 1391 1544
2866 1464 1712
4393 1395 1530
4048 1498 1711
5713 1583 1757
1371 1610 1661
1552 1520 1713
5658 1613 1670
2897 1402 1627
481 1477 1715
4678 1461 1731
3746 1431 1539
2123 1438 1687
4474 1390 1546
5534 1432 1691
4902 1415 1705
2111 1318 1660
3009 1592 1697
4787 1538 1718
689 1591 1750
675 1436 1689
360 1542 1534
3152 1555 1796
688 1458 1682
2105 1460 1521
3494 1416 1515
2779 1328 1666
4542 1411 1511
5541 1416 1510
2010 1592 1693
420 1607 1667
1881 1407 1617
1069 1550 1580
1306 1535 1712
4877 1285 1525
3880 1602 1717
4763 1554 1547
5365 1476 1519
6192 1595 1650
1593 1599 1713
114 1490 1715
1928 1553 1601
4569 1575 1789
1887 1550 1538
5491 1597 1713
2146 1557 1758
5336 1403 1518
576 1435 1537
1467 1565 1593
2430 1125 1578
3883 1401 1555
2856 1494 1719
5137 1384 1552
3343 1590 1709
1494 1476 1517
3731 1563 1749
4754 1610 1705
6027 1415 1608
1908 1143 1576
2601 1559 1620
3328 1133 1575
480 1553 1558
1877 1591 1652
3204 1516 1710
2185 1420 1510
301 1593 1650
3851 1377 1551
2058 1406 1547
1136 1321 1653
5391 1547 1690
5488 1310 1559
4006 1567 1800
4472 1560 1751
4381 1063 1757
27 1307 1565
2964 1603 1660
290 1529 1706
1276 1597 1777
933 1498 1720
2985 1574 1796
440 1473 1741
2805 1590 1674
3374 1490 1717
1079 1311 1550
45 1592 1673
4850 1400 1573
2777 1604 1710
4407 994 1629
3606 1481 1694
4926 1394 1548
64 1536 1521
4488 1562 1744
17 1562 1634
5841 1556 1591
4279 1560 1626
1353 1024 1637
6060 1588 1663
1484 1501 1702
1423 1403 1563
2526 1524 1711
1778 1564 1630
5125 1580 1640
2166 1477 1522
6051 1579 1731
1968 1392 1526
1939 1146 1579
6221 1415 1586
3934 1551 1560
3744 1457 1708
1298 1543 1700
5519 1484 1730
5016 1327 1548
528 1385 1540
4823 1401 1550
6127 1493 1706
3677 1421 1615
2858 1592 1732
1806 1490 1687
2137 1304 1578
1750 1393 1546
2687 1539 1535
132 1558 1620
580 1589 1753
5328 1590 1692
5036 1468 1691
5521 1593 1700
1372 1526 1521
2245 1037 1626
3888 1545 1547
2323 1090 1606
4094 1471 1524
2630 1539 1704
3112 1563 1640
893 1557 1562
228 1172 1590
5839 1579 1758
4007 1600 1683
2353 1603 1707
3464 1572 1786
5268 1605 1713
1204 1456 1679
1549 1355 1671
3802 1560 1598
2679 1589 1731
1090 1638 1668
2438 1147 1581
1664 1455 1680
757 1585 1637
3370 1474 1719
1623 1563 1611
2190 1103 1593
5617 1396 1627
5258 1577 1753
1086 1452 1526
1207 1403 1588
1186 1399 1585
236 1395 1529
5219 1384 1698
3435 1591 1679
226 1417 1606
1820 1505 1700
3437 1519 1701
4425 1373 1681
2292 1461 1528
1185 1603 1670
2700 1595 1704
5263 1537 1692
4452 1562 1760
2567 1422 1692
5212 1606 1684
4166 1317 1559
5273 1548 1545
3864 1302 1574
4990 1110 1583
5458 1499 1705
2019 1399 1574
5750 1517 1517
5395 1502 1715
2513 1589 1747
1448 1091 1594
1655 1628 1699
2433 1457 1513
3540 1362 1521
5145 1610 1712
2965 1630 1694
2258 1353 1568
2085 1342 1701
3262 1563 1566
4497 1368 1511
3662 1590 1796
2871 1571 1621
3804 1109 1555
4547 1615 1726
4618 1362 1631
4114 1641 1694
2507 1305 1518
862 1576 1805
3196 1550 1526
287 1618 1726
3777 1372 1637
4207 1383 1731
5141 1567 1631
5378 1064 1590
446 1444 1704
3268 1485 1514
3275 1325 1616
5390 1323 1570
2529 1652 1679
656 1528 1729
6183 1312 1659
925 1369 1564
2193 1040 1606
4236 1365 1637
3401 1281 1594
801 1540 1733
769 1614 1728
4944 1300 1520
3190 1583 1798
2249 1305 1523
1937 1141 1568
4314 1296 1513
5329 1567 1557
5736 1263 1548
169 1639 1679
1430 1406 1752
1967 1563 1543
1859 1308 1501
4919 1040 1511
3335 1640 1695
5018 1659 1657
1562 1367 1535
4107 1438 1516
2404 1627 1687
1214 1305 1533
259 1568 1634
704 1338 1598
6035 1317 1582
642 1390 1716
1261 1544 1520
3252 1320 1623
5614 1299 1543
2770 1642 1652
585 1559 1591
1566 995 1734
3550 1610 1737
3019 1343 1604
3567 1391 1623
3365 1572 1610
4342 1566 1618
5040 1300 1605
1447 1614 1647
1471 1394 1493
6201 1561 1549
575 1391 1562
5501 1438 1514
880 1393 1607
5466 1073 1548
4248 1566 1623
1028 1309 1632
2542 1340 1565
4750 1509 1717
5021 1553 1520
5831 1065 1564
5894 1448 1710
3025 1064 1550
251 1346 1691
327 1522 1505
3003 1281 1551
302 1529 1515
1322 1515 1720
4211 1618 1688
970 1545 1736
4210 1601 1762
3065 1649 1657
5087 1273 1524
3199 1342 1640
1192 1360 1623
3475 1600 1635
5527 1572 1553
5985 1316 1519
2015 1372 1547
3339 1519 1506
2820 1333 1602
4557 1455 1514
4691 1647 1682
4825 1626 1696
894 1615 1640
1897 1296 1510
5472 1603 1640
4143 1593 1797
1533 1573 1620
3774 1434 1714
4686 1422 1725
2588 1569 1618
2133 1420 1726
2241 1568 1588
1046 1368 1513
1631 1407 1493
4423 1562 1541
4741 1185 1666
903 1083 1592
2206 1378 1763
3618 1564 1589
5227 1373 1506
5678 1365 1532
2048 1626 1704
691 1652 1681
756 1646 1691
4274 1540 1514
5319 1032 1619
4545 1574 1635
463 1385 1511
2633 1633 1692
2698 1621 1643
6109 1573 1548
156 1378 1496
686 1619 1711
5463 984 1614
2934 1065 1561
4070 1559 1581
4970 1629 1681
3547 1378 1533
5352 1434 1720
775 1665 1666
6001 1393 1772
5535 1647 1661
4681 1372 1510
1293 1280 1521
2852 1561 1591
6185 1301 1527
1742 1290 1673
513 1608 1749
3793 1538 1726
3850 1620 1715
1892 1604 1747
4815 1069 1541
3810 1224 1624
5515 1643 1665
3692 1449 1517
3382 1559 1805
466 1597 1765
2140 1158 1570
2343 1362 1634
552 1451 1693
3068 1316 1620
963 1568 1616
1308 970 1650
673 1330 1694
5789 1595 1752
887 1001 1610
3107 1274 1566
5170 1347 1688
5586 1335 1582
1042 1654 1666
5088 1501 1722
1839 1363 1763
2457 1139 1551
678 1606 1735
4170 1426 1533
1998 1572 1619
1617 1199 1658
4454 1099 1580
5638 1458 1518
1270 1606 1743
2600 1568 1582
209 1117 1572
5457 1566 1583
2491 968 1666
804 1382 1625
4115 1349 1551
323 1409 1497
934 1609 1647
2789 1036 1761
4332 1510 1729
344 1283 1515
2625 1194 1664
4524 1366 1699
4280 1310 1604
4398 1532 1736
4360 1371 1552
5287 1617 1728
5743 1337 1552
1598 1613 1702
947 1030 1611
2675 1432 1707
561 1517 1508
1622 1584 1800
2581 1560 1569
2257 1160 1563
5417 974 1634
4227 1372 1626
5304 1212 1620
739 1434 1713
1581 1485 1698
4942 1379 1557
1862 1340 1604
4035 1409 1500
4111 1644 1692
4972 1330 1566
2548 1468 1512
4110 1398 1734
5119 1600 1737
2659 1660 1669
881 1602 1786
5132 1528 1727
3513 1363 1557
2833 1560 1807
4943 1561 1548
537 1319 1578
4847 996 1608
5936 1457 1693
5462 1486 1702
6084 1564 1580
4028 1388 1630
1265 1649 1654
6146 1033 1609
245 1446 1517
4477 1653 1668
1475 1280 1553
435 1615 1682
4327 1389 1629
5066 1520 1507
1635 1365 1636
574 1562 1561
5436 1557 1587
5529 1601 1784
3491 1561 1573
4237 1286 1558
5792 1306 1537
2768 1413 1500
6066 1419 1730
792 1451 1511
2461 1327 1627
1751 1281 1502
4991 1385 1736
5650 1414 1735
2786 1615 1701
2221 1640 1672
396 1365 1566
2667 1211 1678
4418 1164 1571
357 1649 1686
4522 1572 1631
3122 1570 1573
4271 1381 1590
5952 1614 1678
2902 1581 1804
4008 1395 1772
1491 1338 1688
2305 1655 1682
4538 1306 1604
5878 1463 1744
3843 1213 1642
4317 1042 1600
4164 1530 1729
1173 1612 1735
4167 1052 1597
4783 994 1607
3976 1561 1594
455 1376 1564
1814 1570 1639
3479 1623 1677
4728 1528 1514
258 1383 1517
1523 1559 1583
623 1201 1600
3673 1615 1674
4981 1358 1560
4224 1435 1526
48 1559 1593
4833 1398 1505
610 1652 1654
187 1342 1611
3619 1367 1686
1886 1304 1669
3330 1621 1717
5430 1641 1677
26 1633 1649
4887 1515 1717
5531 1534 1734
1100 1659 1678
1211 1600 1749
2017 1599 1761
32 1632 1683
2092 1639 1654
5618 1358 1625
3241 1540 1732
761 1394 1573
353 1143 1559
3400 1374 1630
4937 1454 1512
1550 1456 1751
4242 1565 1558
5824 1627 1691
6237 1545 1730
4179 1382 1509
1323 1335 1579
1068 1361 1689
1414 1313 1506
1392 1277 1545
2116 1527 1508
5598 1370 1520
3104 1653 1684
5981 1508 1728
116 1359 1640
3076 1303 1507
1558 1654 1656
4175 1410 1501
5124 1270 1522
142 1283 1675
2084 1576 1586
914 1322 1521
4411 1310 1516
5641 1615 1730
4324 1436 1517
413 1613 1733
713 1415 1494
6107 1426 1531
5533 1316 1606
3221 1638 1683
2562 1372 1502
5371 1646 1689
1996 1562 1771
3625 1054 1557
30 1312 1512
1718 1281 1565
953 1332 1556
4436 1549 1773
6002 1284 1546
1277 1479 1513
4446 1377 1543
3782 1468 1744
2895 1398 1504
1194 1461 1695
3918 1443 1701
1369 1551 1517
3788 1630 1673
2896 1308 1628
6013 1334 1621
3642 1554 1527
4509 1386 1620
666 1553 1805
1138 1562 1536
1624 1566 1599
3231 1294 1511
4987 1463 1512
1424 1583 1575
4809 1263 1537
6005 1339 1560
1433 1288 1499
1517 967 1667
5318 1558 1771
5323 1370 1506
2931 1386 1501
3320 1305 1529
4263 1369 1759
834 1441 1510
982 1358 1551
5441 1597 1790
905 1425 1732
2550 1033 1523
5384 1356 1556
1219 1594 1760
4622 1439 1521
398 1606 1642
5652 1460 1745
1387 1104 1553
1292 1394 1509
4598 1656 1674
793 1276 1593
3061 1599 1754
5271 1564 1539
4735 1576 1802
5311 1287 1550
2538 1643 1681
4897 1411 1495
3984 1296 1495
3617 1561 1586
4269 1385 1633
5396 1532 1725
2031 1377 1498
4082 1643 1682
1894 1433 1527
3968 1441 1520
318 1622 1695
198 1618 1724
2961 1561 1530
5630 1528 1509
5165 1452 1520
6170 1519 1732
3372 1624 1673
4424 1540 1726
2141 1418 1744
3132 1396 1572
758 1542 1726
1536 1115 1563
3826 1573 1563
3037 1226 1714
4980 1558 1775
3177 1422 1499
3762 1616 1672
5731 1610 1775
1619 1292 1545
4603 1322 1609
417 1387 1513
3237 1389 1743
534 1363 1516
5648 1538 1742
223 1330 1638
1281 1301 1541
3697 1611 1736
4708 1612 1781
117 1338 1625
937 1544 1721
4973 1387 1503
2970 1566 1544
5069 1058 1536
2725 1444 1699
4218 1315 1517
5182 1186 1582
5412 1615 1725
5659 1621 1678
687 1563 1593
2038 1623 1716
1139 1422 1718
3590 1312 1543
4088 1310 1587
2617 1128 1566
4689 1615 1695
4044 1420 1719
4233 1562 1588
2091 1599 1632
4296 1628 1649
747 1528 1728
3352 1269 1527
790 1617 1714
2753 1315 1595
5997 1362 1526
3047 1210 1620
2498 1341 1613
66 1612 1647
3563 1571 1559
981 1406 1496
3683 1649 1652
5096 1621 1689
3791 1377 1542
1553 1292 1505
6117 1598 1742
6206 1311 1542
3852 1158 1564
4806 1617 1711
4903 1065 1593
434 1391 1504
929 1385 1514
3350 1059 1596
3063 1274 1546
3077 1394 1491
2584 1657 1664
3733 1350 1549
229 1597 1749
2496 1133 1555
385 1547 1526
4744 1373 1550
5032 1573 1771
248 1557 1531
2535 1449 1507
4567 1598 1751
4864 1625 1672
2719 1439 1706
6121 1386 1640
4724 1372 1693
3486 1514 1725
3364 1398 1729
5785 1121 1550
2519 1364 1550
2471 1622 1645
4315 1616 1725
4458 1536 1518
1303 1368 1553
3570 973 1671
5835 1311 1661
2894 1459 1509
5697 1472 1511
2607 1443 1721
1749 1553 1765
2929 1451 1518
5061 1453 1700
5732 1380 1509
2415 1565 1769
1174 1573 1565
52 1582 1576
4217 1530 1718
5075 1635 1688
2717 1309 1510
2304 1303 1543
5123 1355 1563
4443 1051 1607
5560 1461 1507
4984 1263 1542
4363 1525 1716
3454 1614 1675
3111 1646 1651
5920 1374 1507
809 1278 1548
635 1314 1689
3092 1049 1594
97 1369 1635
3720 1273 1593
3739 1625 1689
3545 1396 1722
4335 1552 1808
4244 1433 1528
677 1619 1678
4654 1328 1571
5340 1393 1570
5490 1590 1765
275 1572 1603
4161 1617 1689
1734 1451 1716
18 1579 1591
2033 1591 1755
1972 1284 1574
4778 1662 1660
3586 1611 1643
4138 1282 1576
2767 1396 1499
4753 1533 1512
201 1652 1653
2967 1538 1517
3359 1548 1515
2968 1424 1532
6163 1549 1812
4946 1343 1552
569 1386 1495
1459 1435 1520
1773 1623 1715
5832 1348 1562
2653 1562 1545
2288 1626 1707
3216 1614 1717
4212 1319 1579
2178 1359 1554
4893 1556 1526
3889 1385 1626
2685 1322 1691
814 1395 1602
335 1046 1515
5700 1049 1615
2650 1607 1729
4736 1527 1721
3664 1642 1664
3814 1375 1707
468 1603 1736
1327 1456 1519
965 1589 1639
3759 1389 1570
5116 1526 1735
4180 1339 1563
3280 1370 1732
1333 1369 1521
2203 1209 1629
1037 1286 1571
162 1588 1637
3726 1333 1577
3498 1570 1806
5385 1047 1514
4959 1348 1633
1361 1397 1509
3753 1362 1548
77 1542 1745
1603 1616 1710
2818 1572 1613
1720 1617 1693
2709 1555 1779
3103 1438 1513
1729 1340 1561
2541 1278 1569
2551 1569 1560
2769 1367 1522
5479 1377 1563
553 1437 1515
2661 1569 1545
4663 1543 1802
1610 1544 1523
3961 1325 1563
4637 1403 1492
79 1612 1780
6061 1390 1513
232 1556 1772
3197 1408 1498
1824 1394 1510
5777 1390 1595
6211 1308 1531
3536 1269 1532
1054 1373 1528
96 1305 1674
3484 1633 1679
5276 1375 1543
6067 1514 1715
3455 1596 1631
2559 1651 1671
4550 1369 1750
5949 1610 1639
4134 1523 1510
3817 1601 1644
1926 1634 1700
5317 1413 1497
1567 1212 1607
6106 1624 1684
2622 1479 1697
4220 1514 1728
602 1279 1597
6091 1549 1805
4376 1337 1551
5818 1314 1524
5448 1435 1717
5752 1442 1516
4619 1643 1647
4795 1600 1636
6154 1588 1798
490 1628 1704
1135 1272 1537
4253 1608 1736
3539 1511 1720
4467 1430 1519
4900 1603 1642
5862 990 1695
4373 1610 1720
2935 1552 1528
4292 1622 1680
4303 1310 1545
1341 1599 1760
3313 1553 1761
312 1209 1647
1119 1375 1714
521 1486 1700
3417 1607 1740
3441 1289 1506
4664 1382 1640
2427 1339 1601
482 1294 1564
4638 1351 1616
4203 1658 1668
4290 1446 1514
1863 1385 1562
3489 1266 1547
1535 1377 1518
5444 1414 1502
5498 1021 1614
4146 1363 1534
5797 1634 1657
1169 1575 1588
1827 1296 1608
3338 1650 1687
1284 1281 1501
3510 1343 1693
3792 1617 1712
2754 1016 1590
2494 1539 1738
1774 1630 1684
4247 1097 1558
2303 1341 1618
6114 988 1609
5858 1562 1529
2156 1429 1726
2864 1050 1539
1314 1568 1638
2474 1507 1721
412 1571 1617
5316 1562 1582
2317 1528 1504
1315 966 1653
2997 1341 1570
4026 1379 1520
1726 1339 1566
4061 1357 1630
3986 1332 1621
2842 1616 1717
3006 1401 1501
2216 1609 1771
3163 1597 1763
5475 1563 1591
5673 1611 1773
3466 1382 1568
1609 1402 1496
4289 1347 1555
56 1391 1721
6175 1414 1505
118 1633 1693
1746 1648 1674
2875 1321 1682
3653 1070 1569
5967 1521 1509
1959 1400 1610
3443 1662 1661
2620 1566 1538
3088 1374 1700
2606 1443 1705
4699 1376 1726
3685 1288 1587
4390 1574 1767
4998 1290 1504
3450 1559 1525
4093 1448 1508
2395 1325 1592
3959 1501 1727
2094 1392 1594
2087 1455 1754
3821 1356 1570
1819 1647 1675
1889 1626 1690
2790 1069 1560
1488 1565 1570
2765 1379 1497
5545 1639 1688
3260 1426 1729
4876 1656 1662
908 1358 1556
1021 1429 1533
1495 1657 1675
3964 1628 1654
5740 1360 1527
4938 1540 1737
962 1436 1705
3332 1221 1630
5901 1624 1691
4901 1316 1514
341 1454 1752
3707 1391 1566
6241 1372 1701
3448 1265 1536
3756 1409 1746
611 1051 1602
5613 1339 1614
798 1281 1555
3958 1332 1600
4455 1603 1740
3169 1322 1522
2504 1431 1529
2462 1339 1595
1940 1602 1744
931 1415 1496
1919 1572 1591
5596 1600 1741
1572 1543 1733
5568 1564 1591
1083 1400 1608
3207 1622 1713
3881 1283 1560
6199 1382 1512
5592 1395 1733
6142 1411 1728
5261 1268 1515
5489 1532 1730
5737 1405 1736
3459 1310 1543
6037 1602 1637
818 1021 1535
1515 1566 1590
1078 1636 1698
2791 996 1606
4487 1637 1697
7 1643 1693
380 1628 1655
1164 1648 1678
1084 1616 1708
3183 1297 1539
3218 1188 1583
5626 1576 1582
2797 1609 1711
6026 1375 1510
4173 1570 1613
2161 1578 1641
5810 1616 1641
2932 1313 1638
1871 1606 1745
70 1443 1697
3083 1383 1701
1556 1613 1766
1661 1319 1697
4595 1305 1596
2437 1623 1714
6115 1599 1764
5068 1534 1740
870 1346 1610
618 1416 1504
2243 1595 1746
5327 1013 1598
6205 1566 1576
1640 1343 1563
3925 1390 1620
529 1549 1529
5078 1310 1606
5246 1332 1548
296 1366 1508
4590 1391 1632
5058 1602 1761
4594 1286 1516
3926 1423 1536
1512 1299 1643
4492 1361 1638
777 1395 1591
1157 1273 1538
5105 1607 1773
1499 1564 1585
1449 1346 1622
3281 991 1618
2057 1357 1555
1045 1566 1564
3312 1658 1669
662 1569 1538
1736 1647 1658
4058 1549 1768
437 1552 1519
2138 1630 1646
2468 1547 1521
3729 1612 1770
4321 1430 1531
1850 1604 1744
3885 1312 1683
2276 1322 1583
3446 1589 1756
311 1106 1563
651 1544 1811
1041 1619 1684
2658 1457 1739
2944 1393 1728
926 1109 1565
5449 1111 1576
5778 1302 1525
6059 1570 1626
4696 1048 1579
4192 1566 1551
3035 1363 1566
1099 1600 1792
401 1377 1698
2069 1389 1625
5177 1604 1781
1869 1373 1702
4732 1600 1760
104 1327 1577
266 1298 1500
1789 1072 1570
3134 1028 1528
3867 1552 1522
1273 1512 1726
1534 1443 1711
5368 1132 1561
5780 1441 1782
6007 1383 1468
2025 1340 1457
1856 1368 1709
3282 1345 1511
376 1060 1521
4127 1447 1737
2742 1344 1709
5257 1655 1687
1529 1575 1628
1404 1238 1607
1435 1568 1525
3385 1384 1796
4759 1473 1509
1611 1559 1508
742 1357 1490
4645 1666 1665
5139 1434 1752
6038 1353 1712
1058 1619 1777
4668 1372 1487
3577 1507 1510
4940 1550 1825
1197 1413 1482
3776 1585 1548
4498 1255 1523
1905 1581 1814
545 1442 1743
3979 1501 1875
5577 996 1595
3492 1377 1464
2103 1366 1470
851 1548 1509
5109 1379 1477
6229 1545 1510
3447 1357 1601
6050 1255 1554
6102 1584 1556
1403 1362 1500
1740 1432 1505
2064 1570 1582
4219 1318 1502
1657 1612 1637
5497 1354 1527
3198 1646 1696
2930 1332 1503
5593 1294 1693
1654 1664 1685
5004 1359 1581
5523 1645 1698
4983 1546 1819
1251 1390 1617
714 1028 1583
6233 1572 1818
6187 975 1605
728 1623 1769
3136 1570 1817
4956 1384 1608
370 1592 1570
5262 1522 1735
2000 1355 1492
2485 1480 1501
3834 1544 1760
3950 1382 1483
681 1342 1458
2927 1617 1637
68 1355 1600
4361 1452 1499
1301 1360 1492
2776 1486 1503
6140 1322 1500
3395 1626 1641
1218 1360 1496
5966 1288 1684
5353 1587 1571
1006 1250 1534
3340 1442 1735
1629 1577 1534
4879 1345 1483
2225 1461 1496
3010 965 1667
1497 1376 1600
4051 1584 1812
5303 1052 1549
3041 1317 1492
3402 1672 1657
5748 1600 1628
4302 1252 1571
1772 1657 1697
1994 1408 1765
4193 1047 1570
5334 1663 1650
2410 1416 1769
5167 1259 1544
1033 1461 1503
4336 1409 1491
1930 1333 1505
5291 1411 1793
1457 1350 1482
2695 1438 1796
4536 1423 1507
3080 1033 1594
4496 1332 1722
3295 1203 1573
2088 983 1589
3017 1620 1735
6145 1545 1762
2572 1358 1467
5286 1323 1479
1264 1405 1477
364 1615 1638
4249 1249 1554
1096 1353 1479
4541 1342 1705
5856 1632 1707
1059 1539 1503
2598 1245 1545
3535 1356 1528
1831 1148 1533
1400 1586 1805
428 1497 1509
1708 1337 1478
31 1672 1675
1645 1488 1882
2515 1495 1513
4626 1579 1535
6242 1462 1500
2854 1396 1471
5205 1561 1524
6169 1380 1593
3140 1343 1515
4191 1390 1611
1644 1572 1530
2266 1336 1456
3039 1357 1464
2575 1388 1617
2913 1320 1482
5344 1523 1502
239 1439 1784
2270 1521 1736
2298 1334 1490
5375 1508 1514
4020 1348 1600
2868 1583 1606
1208 1434 1504
2340 1428 1779
5456 1256 1681
5865 1373 1488
386 1428 1765
871 1381 1486
5082 1506 1515
6176 1400 1478
3558 1386 1606
5579 1506 1875
3482 1312 1656
4548 1433 1773
6125 1241 1611
915 1346 1483
2566 1042 1595
1177 1351 1476
6110 958 1642
5793 1650 1640
2338 1347 1484
1235 1339 1486
4122 1029 1589
4924 1625 1724
5528 1616 1742
3467 1210 1662
4490 1342 1471
1683 1434 1788
3440 1492 1509
3477 1232 1620
1883 1373 1471
5131 1672 1650
1357 1587 1588
4493 1593 1573
1256 1624 1770
3948 1340 1460
5037 1376 1477
313 1483 1873
4343 1352 1519
732 1219 1653
3931 1260 1567
2718 1274 1506
1602 1535 1753
2055 1358 1578
3324 1503 1858
6173 1344 1463
5601 1579 1532
5747 1394 1479
5451 1358 1609
1745 1580 1586
3329 1579 1637
1855 1581 1621
4251 1432 1751
649 1511 1859
5076 1360 1722
3287 1460 1497
1190 1219 1671
2273 1579 1552
2943 1606 1621
784 1382 1592
4427 1368 1460
5632 1362 1609
3418 1530 1744
4437 1362 1619
622 1428 1501
984 1663 1655
1274 1354 1517
2641 1377 1489
5073 1382 1587
6101 1392 1472
3612 1558 1521
1660 1358 1607
2265 1395 1472
1407 1201 1567
2229 1014 1567
1141 1472 1752
2730 1311 1654
6097 1508 1741
1114 1344 1758
41 1638 1639
1269 1348 1545
1690 1251 1546
4415 1338 1527
2261 1621 1725
2597 1242 1638
2799 1585 1594
4855 1579 1565
1518 1392 1480
1803 1250 1525
216 1394 1469
4693 1664 1682
3167 1352 1487
5738 1441 1770
3228 1369 1588
3234 1534 1504
3752 984 1590
5435 1383 1583
2434 1474 1747
4331 1647 1703
4740 1633 1716
86 1405 1481
3309 1391 1480
100 1548 1824
964 1627 1713
3366 1630 1721
3354 1646 1647
63 1377 1470
2635 1515 1741
4734 1656 1701
4849 1047 1500
655 1631 1639
171 1504 1876
374 1056 1530
5346 1355 1512
2418 1133 1545
4896 1485 1504
6086 1259 1559
4 1253 1528
3416 1340 1459
3004 1550 1505
5414 1361 1501
1564 1262 1621
3427 1591 1804
4747 1350 1506
5382 1386 1476
2917 1350 1590
4599 1445 1758
1236 1517 1501
4726 1453 1728
5020 1344 1466
2547 1365 1587
5838 1354 1725
445 1400 1486
604 1603 1791
5879 1639 1701
1612 1667 1648
1650 1328 1525
1586 1301 1652
997 1633 1714
5026 1414 1752
5008 1625 1734
2555 1331 1527
47 1626 1768
5387 1513 1874
3884 1381 1598
4961 1247 1555
5097 1622 1640
4491 1257 1560
5420 1535 1503
2062 1343 1585
1818 1212 1601
4964 1210 1670
2549 1402 1490
4386 1366 1464
1885 1633 1720
1539 1453 1503
5768 1271 1616
222 1515 1857
1421 1382 1481
3973 1333 1510
4344 1369 1579
2885 1639 1702
3154 1583 1595
4635 961 1668
1857 1665 1680
4731 1362 1465
2563 1498 1513
1022 1369 1494
2677 1554 1826
4169 1497 1863
4803 1559 1826
5574 1357 1499
5784 1365 1714
2073 1614 1632
3870 1535 1742
665 1133 1529
4126 1665 1687
4064 1451 1744
5615 1578 1557
5766 1371 1456
2475 1337 1726
1916 1239 1623
2710 1362 1508
274 1373 1602
4459 1569 1519
1439 1426 1517
2348 1516 1514
2131 1571 1520
227 1244 1611
2390 1551 1793
4178 1303 1654
750 1509 1868
808 1666 1664
526 1367 1504
1957 1314 1486
6083 1595 1574
4264 1529 1507
6069 1670 1667
4766 1328 1543
3346 1656 1650
487 1645 1710
1389 1277 1683
2042 1316 1706
5823 1575 1607
12 970 1614
2682 1363 1470
4362 1359 1519
1606 1567 1532
215 1327 1493
5322 1523 1499
985 1028 1515
3105 1366 1486
5934 1489 1742
1105 1411 1485
3669 1350 1585
5179 1402 1486
3002 1670 1664
1066 1480 1505
5171 1576 1558
3413 1553 1825
138 1132 1533
3595 1611 1631
4096 1672 1683
6014 1539 1502
835 1651 1647
1156 1358 1723
1331 1389 1466
2766 1649 1700
3060 1488 1740
3341 1256 1551
3604 1307 1480
3754 1358 1485
5093 1579 1562
5553 1476 1746
303 1336 1542
2402 1617 1745
2479 1359 1621
3828 1605 1794
3861 985 1586
2832 1362 1494
4918 1624 1733
5251 1610 1622
289 1024 1588
2880 1354 1759
3123 1438 1498
5465 1381 1609
394 1548 1777
1825 1249 1558
2315 1570 1523
4834 1470 1502
945 1412 1484
2408 1407 1788
1007 1216 1650
2282 1209 1568
2702 1339 1506
3386 1584 1580
3858 1384 1609
4328 1013 1537
73 1653 1702
470 1333 1458
1451 1318 1489
2204 1561 1824
2920 1589 1801
3648 1556 1514
1599 1379 1485
1966 1532 1823
2678 1376 1457
5633 1577 1573
628 1356 1474
1990 1474 1507
4120 1350 1474
5644 1063 1527
5937 1639 1645
1727 1265 1607
2196 1506 1740
3499 1579 1593
4552 1404 1485
5267 1350 1486
5769 959 1645
897 1509 1510
1878 1577 1609
4262 1650 1703
5836 1081 1537
6003 1481 1506
2670 1435 1751
3593 1339 1531
3998 1467 1756
4805 1265 1591
5240 1451 1497
5343 1658 1698
5721 1579 1558
1203 1592 1801
2481 1458 1495
4190 1021 1555
5232 1360 1463
508 1042 1584
566 1369 1478
817 1579 1539
1024 1226 1686
1112 1545 1504
1561 1377 1462
2188 1350 1721
2697 1625 1637
3150 1353 1601
3708 1612 1790
6089 1671 1653
83 1261 1549
548 1382 1616
1794 1286 1497
3094 1382 1614
3480 1639 1708
6152 1653 1688
639 1520 1502
912 1614 1755
2672 1517 1735
3825 1406 1787
5376 1396 1479
3859 1655 1644
4575 1354 1535
5639 1652 1694
789 1579 1605
3508 1493 1879
3651 1446 1507
5102 1313 1474
5953 1600 1621
2275 1263 1521
3172 1342 1467
3421 1602 1765
4206 1555 1518
4672 1583 1572
5714 1350 1467
5803 1426 1760
1925 1461 1495
4341 1469 1505
4752 1578 1578
5507 1668 1647
5719 1635 1713
1161 1423 1763
1416 1657 1648
1504 1487 1512
1530 1430 1506
2716 1379 1611
3383 1387 1576
4824 1340 1477
4957 1231 1612
4977 1577 1552
5741 1345 1514
6077 1314 1497
1815 1488 1510
2152 1114 1544
2383 1505 1734
2624 1656 1690
2971 1653 1644
5715 1261 1562
5984 1578 1815
108 1649 1698
1426 1493 1508
1934 1401 1484
2098 1302 1485
3808 1350 1500
4136 1376 1594
6224 1674 1657
2325 1344 1493
3514 1507 1738
5248 1527 1742
5370 1269 1622
4066 1370 1492
4712 1361 1478
5494 1369 1612
5873 1348 1583
1455 1397 1483
2217 1673 1668
2614 1360 1495
2827 1249 1633
3803 1385 1615
4802 1576 1565
4874 1083 1532
1753 1444 1787
3423 1280 1490
3938 1521 1742
5190 1589 1577
6040 1377 1480
167 1582 1596
1263 1400 1480
2219 1007 1589
3573 1117 1541
3646 1506 1852
4457 1274 1618
2022 1525 1501
2172 1390 1480
2845 1488 1506
6141 1373 1720
369 1336 1481
1409 1605 1627
3955 1326 1480
4818 1416 1488
1788 1365 1478
2359 1482 1502
3174 1655 1705
5432 1358 1540
450 1357 1526
3942 1334 1545
4099 1496 1514
5830 1620 1635
2745 1282 1611
3511 1321 1535
5425 1426 1503
5692 1375 1598
2060 1367 1601
2255 1439 1510
2400 1332 1520
3031 1628 1717
3649 1439 1757
3755 1617 1735
5725 963 1671
4319 1660 1690
6049 1662 1645
472 1373 1591
2651 1331 1545
878 1356 1455
1542 1375 1583
1810 1092 1532
3254 1543 1510
3686 1578 1620
349 1573 1528
1829 1577 1532
2403 1328 1489
4563 1583 1543
4612 1622 1736
5829 1592 1568
1118 1445 1783
3027 1659 1696
4553 1333 1539
4962 1356 1511
5962 1525 1496
799 1584 1579
3597 1624 1629
3954 1582 1603
1329 1619 1783
4482 1354 1471
395 1548 1814
2239 1269 1612
2495 1329 1486
2830 1668 1679
3342 1389 1484
5585 1590 1585
1401 1554 1508
5455 1355 1574
5887 1356 1595
184 1569 1534
321 1382 1485
1560 1503 1854
1846 1570 1540
2263 1666 1646
2440 1626 1773
2569 1643 1708
2657 1582 1566
2683 1640 1638
3737 1260 1595
4260 1414 1487
4604 1493 1741
4634 1212 1598
4669 1504 1865
5292 1365 1507
567 1570 1521
1202 1355 1500
2589 1322 1536
3580 1579 1597
4241 1665 1689
4516 1285 1486
4610 1280 1493
6139 1283 1616
999 1671 1665
1130 1374 1607
2335 1538 1827
3202 1581 1608
3414 1538 1828
549 1662 1649
1427 1656 1641
1621 1311 1474
2740 1629 1718
2794 1626 1732
3038 1270 1626
4518 1362 1479
5591 1586 1575
271 1347 1460
1358 1362 1782
1454 1337 1465
2972 1450 1734
3589 1576 1545
8 1397 1478
29 1360 1517
1463 1396 1486
4837 1288 1490
1570 1350 1602
2256 1563 1515
3700 1550 1823
5011 1378 1481
272 1358 1522
1551 1335 1478
1638 1367 1718
3667 1577 1603
4075 1666 1651
4299 1331 1711
4674 1370 1459
5115 1369 1479
502 1434 1503
2313 1531 1497
2363 967 1676
4399 1377 1469
4412 1330 1456
1151 1044 1582
1411 1352 1530
2727 1251 1568
3571 1436 1756
4284 1542 1759
4378 1625 1714
5722 1264 1516
616 1509 1511
1961 1341 1493
1962 1583 1814
4729 1220 1606
5348 1333 1473
497 1500 1512
1040 1583 1636
1988 1352 1608
3904 1674 1664
4593 1670 1647
5619 1587 1565
5877 1534 1827
624 1155 1557
4430 1628 1633
5431 968 1678
212 1326 1514
865 1164 1562
3321 1637 1716
3501 1339 1480
3876 993 1582
3914 1596 1569
4141 1252 1535
4639 1495 1515
107 1367 1599
4150 1518 1499
4447 1258 1553
5161 1584 1599
5377 1129 1531
627 1515 1874
2046 1346 1503
4656 1513 1741
5140 1415 1762
786 1671 1680
1399 1513 1512
2804 1381 1597
3728 1010 1735
4027 1578 1576
932 1328 1513
1206 1370 1461
1289 1366 1477
1342 1597 1629
4403 1381 1462
4526 1330 1522
531 1053 1544
674 1604 1621
995 1437 1497
3223 1637 1703
4162 1315 1498
322 1583 1555
716 1623 1717
772 1425 1510
2802 1269 1613
3839 1259 1530
4201 1583 1589
4414 1077 1533
4442 998 1579
4963 1348 1541
2470 1501 1737
3246 1281 1687
3424 1361 1502
4895 1369 1610
6188 1553 1511
958 1639 1636
1250 990 1584
2150 1522 1744
2860 1337 1499
3072 1612 1743
4510 1330 1467
6071 1037 1576
1840 1611 1636
2291 1499 1874
3599 1377 1581
4648 1169 1563
5213 1521 1500
5693 1077 1528
203 1348 1622
1266 1617 1753
2008 1336 1491
2290 1628 1769
2632 1420 1751
3470 1669 1666
4786 1646 1695
5162 1570 1531
5883 1289 1625
430 1310 1496
1826 1373 1457
2636 1525 1499
3844 1361 1574
285 1278 1623
670 1407 1484
1231 1339 1541
1275 1629 1766
2505 1023 1516
3488 1622 1777
3531 1333 1476
4400 1355 1469
4821 1640 1703
5083 1574 1817
5474 1648 1694
6044 1350 1478
5 1387 1474
81 1441 1507
125 1275 1614
1166 1386 1475
2154 1594 1806
2599 1353 1592
2706 1412 1492
3564 1562 1522
4086 1026 1584
4958 964 1634
149 1231 1604
291 1407 1477
540 1069 1528
1699 1337 1513
3572 1269 1683
3632 1610 1750
4068 1504 1871
4499 1378 1482
4804 1519 1740
1381 1505 1731
1898 1585 1571
1997 1632 1717
2552 1330 1488
3871 1427 1749
4273 1349 1464
5812 1272 1498
695 1341 1479
1087 1248 1607
1364 1623 1724
1816 1217 1654
3096 1328 1506
5234 1039 1588
231 1346 1490
254 1337 1529
4647 1368 1454
791 1631 1723
2165 1546 1758
3062 1500 1515
5663 1351 1603
6073 1439 1759
3211 1327 1483
4857 1417 1785
5158 1379 1577
6164 1577 1633
4617 1589 1587
158 1409 1482
1951 1112 1538
2366 1671 1655
3299 1150 1555
1122 1583 1542
1320 1490 1741
2511 1344 1545
2738 1612 1627
3227 1379 1575
3399 1329 1508
4777 1511 1515
989 1653 1701
1787 1585 1542
3018 1015 1574
3304 1533 1498
4176 1577 1615
4871 1432 1764
5135 1353 1617
5509 1539 1823
5640 1538 1507
404 972 1609
927 1026 1594
1395 1614 1787
2798 1359 1750
3143 1252 1554
4188 1598 1629
6230 1585 1582
923 1334 1533
3195 1428 1507
3300 1496 1859
4572 1339 1537
5606 1668 1652
645 1610 1628
2300 1011 1573
4535 1620 1730
5423 1366 1605
122 1441 1746
134 1356 1486
191 1372 1577
500 1640 1699
1836 1420 1750
3935 1371 1598
4213 1619 1729
208 1428 1774
3460 1590 1574
4226 1594 1799
917 1363 1492
1242 1642 1642
2024 1338 1472
2703 1037 1508
4023 979 1714
2043 1314 1475
3239 1364 1793
3451 1595 1798
4549 1335 1498
5045 1582 1635
5189 984 1720
768 1354 1709
1470 1287 1492
1548 1505 1738
2439 1401 1474
3568 1325 1711
3626 1268 1508
4581 1018 1605
4640 1531 1752
5325 1335 1464
1677 1264 1562
1766 1352 1498
2785 1344 1472
3598 1428 1499
4268 1428 1515
5442 1589 1583
2139 1516 1873
2652 1301 1653
3561 1544 1749
4037 1580 1806
4183 1319 1475
4479 1649 1639
584 1558 1820
1011 1007 1582
2191 1314 1494
5625 1348 1482
920 1359 1765
2199 1432 1788
2892 1384 1478
3279 1346 1467
3322 1575 1564
4564 1273 1615
5111 1454 1766
832 1235 1636
2808 1623 1638
1062 1415 1485
3438 1353 1469
3502 1286 1699
4171 1313 1533
4285 1651 1690
5358 1051 1550
1768 1617 1635
2405 1563 1527
2840 1344 1454
4230 1572 1539
4312 1648 1641
5464 1261 1679
175 1669 1657
4101 1379 1599
966 979 1699
1514 1463 1495
1636 1554 1782
2924 1595 1805
3217 1580 1632
2819 1620 1641
4606 1604 1796
5299 1356 1610
810 1635 1716
1285 1311 1483
2399 1342 1593
4031 1414 1776
5357 1423 1484
5681 1564 1506
2387 1469 1493
3051 1469 1771
4788 1671 1698
853 1627 1736
1170 1463 1807
1977 1611 1615
991 1449 1805
1391 1400 1456
2184 1412 1807
2986 1516 1506
3602 1452 1488
34 1473 1818
571 1471 1830
3128 1288 1637
4209 1463 1823
4608 1175 1556
1019 1648 1626
2536 1464 1869
3149 1679 1673
4630 957 1660
263 1462 1889
2375 1481 1810
2539 1522 1844
5610 1583 1624
511 1592 1587
2714 1105 1528
3807 1438 1813
4947 1448 1809
5733 1668 1638
1344 1423 1488
1704 1011 1556
4346 1650 1710
182 1537 1847
3972 1208 1579
6009 1631 1627
475 1629 1626
1150 1610 1617
1682 1443 1855
2036 1259 1700
3220 1435 1886
3569 1590 1612
4771 1267 1489
5015 1563 1495
5544 1632 1729
5986 1567 1824
6065 1217 1561
270 1238 1579
781 1464 1488
1595 1537 1834
2976 1142 1527
4234 1396 1454
795 1480 1809
924 1484 1759
1396 993 1565
2784 1587 1605
4471 1588 1811
330 1236 1663
2013 1585 1813
2132 1424 1487
2828 1489 1493
3620 1607 1615
5281 1382 1832
2545 1616 1612
3679 1593 1537
3682 1622 1745
3787 1612 1613
368 1595 1550
2520 1590 1561
3721 1268 1630
5422 1512 1840
505 1554 1493
744 1457 1874
973 975 1590
1014 1240 1668
4046 1653 1716
4394 1267 1496
5794 1559 1507
5919 1621 1759
442 1280 1661
2691 1450 1820
5154 1670 1638
145 1249 1514
1473 1523 1764
6093 1420 1841
6159 1634 1731
1 1276 1635
621 1520 1751
949 1479 1497
1212 1572 1507
1918 1249 1585
3730 1599 1555
3905 1438 1863
5060 1629 1773
5558 1561 1495
633 1587 1616
1217 1632 1769
1233 1257 1503
2811 1155 1536
3688 1566 1512
5787 971 1711
89 1073 1509
1035 1484 1498
2322 1676 1675
3056 1559 1828
3245 1196 1564
4300 1587 1614
4676 1599 1570
5270 1149 1531
1585 1435 1845
5645 1514 1504
6166 1608 1563
213 1606 1615
473 1272 1492
650 1240 1581
5846 1454 1826
1031 1573 1511
2571 1554 1829
3066 1465 1493
153 1492 1850
1117 1681 1647
1432 1499 1798
2849 1653 1629
4801 1260 1695
4909 1530 1839
5708 1654 1709
2061 1103 1534
3610 1622 1748
5897 1243 1561
148 1551 1498
262 1671 1689
308 1253 1633
452 1364 1795
1200 1647 1625
2645 1557 1502
3118 1530 1493
3526 1527 1754
4546 1675 1653
518 1440 1811
693 1093 1530
2591 1477 1871
3615 1601 1586
4533 1390 1459
6171 1631 1731
1417 973 1589
3126 1586 1530
3833 1596 1813
4196 1658 1635
4391 1568 1507
612 1138 1526
5133 1405 1856
773 1660 1709
952 1606 1561
3284 1539 1493
4494 1553 1834
2534 1480 1815
3698 1532 1490
4862 1577 1820
4953 1480 1761
5975 1596 1599
474 1623 1747
565 1592 1560
986 1015 1514
1013 1437 1870
4222 1036 1498
6144 1427 1900
2732 1458 1823
3298 1592 1813
4369 1538 1837
6219 1457 1489
703 1680 1687
826 1658 1629
886 1232 1593
2595 1560 1500
4102 1422 1875
252 990 1541
2369 1109 1527
2397 1466 1876
2066 1606 1581
2326 1537 1832
3463 1523 1757
4792 1459 1890
5203 1455 1780
5243 1008 1560
2050 1677 1674
4232 1685 1675
4322 1390 1455
4432 1515 1759
4707 1531 1842
5231 1221 1589
1095 1550 1493
1600 1461 1790
1730 1176 1554
2565 1483 1849
3699 983 1568
824 1549 1830
2393 1392 1462
5881 1510 1798
1359 1674 1692
2543 1670 1642
4392 1581 1822
1575 1422 1829
1821 1546 1787
2169 1637 1625
2254 1037 1501
4705 1403 1829
5001 1649 1629
141 1538 1772
1010 1466 1879
2888 1431 1891
3127 1592 1808
4506 1279 1715
5827 1477 1757
1587 1597 1812
2108 1476 1827
2990 1619 1614
3323 1492 1839
4380 1613 1610
4851 1678 1689
5250 1475 1856
5309 1470 1879
2649 1450 1888
2962 1553 1842
1376 1642 1726
1569 1680 1684
1811 1447 1852
2296 1585 1818
2510 1462 1804
4045 1501 1807
4782 1495 1806
5476 1682 1671
1973 1651 1716
4746 1608 1577
5932 1264 1494
724 1532 1495
811 1604 1565
1038 1449 1810
5496 1666 1701
992 1397 1812
2213 1532 1492
3557 1517 1800
4065 1268 1634
5289 1577 1512
5654 951 1628
3516 1535 1849
4799 959 1604
5469 1536 1841
427 1685 1648
1519 1324 1470
2003 1117 1530
4748 1584 1821
5514 1554 1504
5922 1675 1677
373 1550 1837
1489 1660 1635
4596 1603 1593
5034 1541 1773
5542 1626 1752
235 952 1645
267 1513 1505
426 1544 1798
813 1535 1803
2168 1585 1612
2937 1684 1663
3549 1680 1692
3766 1669 1635
1721 1464 1838
3767 1588 1529
4016 1584 1607
4195 1270 1723
4441 1331 1729
5224 1452 1797
5581 1521 1492
5611 1432 1487
6179 1591 1538
1911 1428 1481
2081 1389 1465
3481 1140 1520
3991 1630 1768
1626 1286 1658
1667 1453 1868
2345 1421 1893
4605 1473 1802
4489 1614 1620
5772 1280 1697
72 1570 1826
573 1406 1463
2580 1508 1823
4832 1048 1511
5089 1634 1769
277 1589 1556
2083 1464 1785
2441 1437 1838
2631 1481 1491
3375 1461 1846
4571 1675 1654
172 1617 1758
1120 1475 1806
2332 1489 1847
2801 1602 1571
3716 1027 1500
4419 1594 1590
4607 1606 1560
5999 1444 1858
3953 1434 1490
4239 1597 1555
2211 1591 1596
2537 1476 1868
3694 1591 1591
179 1454 1782
1408 1481 1833
5211 1385 1802
946 1574 1506
1410 1463 1875
4408 1562 1501
4565 1441 1834
4773 1533 1841
432 1157 1533
560 1602 1590
3627 1409 1465
4032 1211 1576
5112 1515 1511
5280 1586 1600
5547 1281 1635
5723 1524 1831
5870 1417 1849
5963 1162 1545
1398 1571 1825
950 1598 1566
1672 1522 1765
2347 1655 1636
3473 1574 1509
3794 1418 1850
5013 1584 1819
5072 1543 1839
5253 1588 1539
715 1686 1671
1643 1469 1835
1765 1684 1664
1922 1680 1646
4930 1620 1755
82 1469 1859
720 1673 1654
1081 1515 1828
1823 1595 1549
3048 1529 1772
257 1617 1757
260 1647 1631
1757 1030 1567
1913 1682 1657
2018 1507 1754
2448 1664 1699
5242 1625 1624
5255 1349 1778
65 1610 1620
292 1627 1740
2445 1518 1832
436 1590 1558
921 1000 1554
1167 1575 1515
1559 1424 1496
1003 1428 1799
2715 1673 1651
4433 1646 1634
5134 1499 1816
3949 1659 1632
4566 1443 1886
237 1469 1851
1351 1546 1784
3445 1422 1821
3921 1640 1719
1634 1426 1483
2898 1460 1836
3862 1634 1727
3874 1405 1844
5735 1049 1520
351 1277 1670
1579 1683 1650
3960 1599 1554
4722 1320 1473
882 1324 1472
1378 1598 1567
2324 1181 1553
2681 1425 1842
3069 1463 1492
4117 1517 1827
762 1578 1826
1521 1556 1503
1952 1433 1842
3661 1587 1535
3847 1513 1745
5099 969 1585
5347 1575 1511
6126 1553 1838
6236 1576 1508
873 1430 1491
1642 1585 1628
4294 1458 1492
1229 1685 1680
4570 1592 1811
5142 1521 1494
298 1590 1607
348 1471 1488
846 1547 1789
5005 1447 1835
5806 1614 1611
6120 1487 1748
365 1572 1824
3388 1574 1523
2311 1601 1560
4434 1043 1497
5990 1532 1489
120 1562 1494
3091 1681 1666
5629 949 1623
6193 1595 1546
2423 1660 1630
2480 1510 1506
2721 1542 1834
3261 1597 1806
4449 1403 1826
5401 1390 1464
5959 1672 1647
147 1533 1845
503 1566 1506
2882 1448 1486
3170 1457 1493
4791 1606 1584
5765 1326 1773
6123 1562 1500
1799 1623 1756
2751 1435 1496
3070 1561 1503
4286 1257 1508
5106 1452 1789
6231 1516 1833
620 1525 1840
1093 1495 1500
1154 1189 1559
2586 1559 1494
3854 1668 1636
4798 1430 1878
3219 1467 1492
3293 1543 1497
4112 1516 1837
6029 1645 1626
293 1626 1616
748 1441 1813
2638 1022 1511
2933 974 1592
3456 1620 1747
3725 1590 1625
5052 1529 1843
586 1244 1556
1162 1597 1562
1804 966 1690
4266 1480 1825
1030 1415 1473
3796 1575 1512
4925 1646 1630
5023 1470 1865
5027 1407 1813
5696 1465 1489
6168 1252 1662
617 1441 1492
1775 1634 1725
1984 1596 1608
3131 1604 1585
4845 1609 1797
730 989 1543
1123 1589 1530
3050 1626 1741
3652 1683 1678
5062 1536 1492
5164 1462 1780
5186 1616 1618
5447 1590 1606
5712 1434 1487
94 1595 1554
1354 1548 1498
1356 1592 1627
2049 1238 1586
4410 1545 1491
5649 1268 1490
841 1678 1652
1780 1677 1680
3892 1430 1492
152 1674 1698
4587 1599 1585
5017 1529 1850
4819 1613 1793
4843 1682 1662
5888 1600 1805
667 1541 1771
829 1452 1487
3674 1637 1729
3678 1634 1732
5760 1465 1804
415 1534 1764
546 1497 1813
664 1525 1830
1178 1474 1490
2411 1586 1608
3842 1529 1771
4021 1597 1597
4054 1536 1773
5033 1602 1596
5202 1508 1504
414 1494 1504
2068 1460 1843
2333 1619 1787
2506 1494 1754
3797 1473 1855
4484 1455 1493
4853 1586 1604
5666 1659 1702
6202 1243 1545
5454 1535 1497
948 1283 1646
2299 1423 1494
2522 1157 1527
4592 1491 1747
4949 1584 1621
5206 1486 1815
5264 1451 1788
5285 1677 1678
5470 1681 1665
1126 1571 1513
2889 1599 1547
3835 1680 1660
4025 1225 1579
4240 1290 1712
5954 1439 1883
827 1461 1490
1039 1591 1620
1291 1475 1493
3806 1602 1575
4838 1666 1640
183 1062 1512
355 1539 1492
998 1423 1482
1082 1253 1712
3358 1573 1513
3813 1492 1502
4121 1572 1514
4662 1602 1565
5288 1539 1499
6048 1681 1689
4316 1328 1472
5321 1449 1816
5813 1415 1470
5996 1318 1743
1437 1490 1850
1697 1482 1809
5706 1648 1721
154 1655 1637
2053 1667 1635
5931 1462 1805
6245 1432 1852
849 1674 1650
1662 1604 1590
3054 1495 1818
3696 1471 1490
3809 1534 1769
4631 1593 1604
706 1638 1725
1370 1469 1761
1835 1610 1618
3601 1679 1671
4313 1411 1880
4478 1455 1842
5487 1246 1581
5500 1679 1678
5634 1475 1755
1205 1502 1746
2728 1402 1469
3717 1458 1778
5400 1468 1766
5993 1615 1759
6210 1412 1810
974 1579 1820
4716 1469 1762
5239 1621 1621
5911 1006 1528
568 1401 1466
646 1425 1869
1055 1506 1504
3238 1559 1501
3616 1599 1587
4128 1329 1461
4165 1410 1836
4706 1480 1861
5181 1589 1604
5647 1492 1497
1419 1563 1504
1456 1565 1509
1709 963 1590
2126 1571 1508
3608 1679 1674
4153 1441 1494
4396 1423 1820
5156 1443 1830
342 1409 1888
559 1499 1888
654 1413 1808
752 979 1569
1461 1524 1765
1715 1619 1759
1716 1458 1854
2070 1091 1531
2556 1291 1671
3138 1491 1745
4955 1603 1803
1234 1683 1661
3745 1636 1622
4641 1585 1632
5341 1493 1810
74 1278 1661
844 1546 1840
1936 1667 1636
4043 1532 1768
433 1048 1517
4426 1565 1510
2272 1453 1485
4375 1582 1525
5991 1599 1583
1182 1223 1567
4083 1676 1642
5360 1421 1482
5843 1462 1488
39 1164 1540
1443 1282 1656
2684 1683 1659
3778 1520 1848
4160 1466 1779
5411 1255 1692
1077 1421 1478
1954 1460 1867
2863 1676 1669
3462 1604 1589
4355 1494 1849
4383 1429 1910
5059 1602 1587
5552 1289 1735
2197 1485 1493
4975 1464 1848
5410 1473 1871
5539 1494 1844
6151 1462 1487
3173 1530 1489
4372 1446 1868
4982 1480 1818
5175 1590 1609
5680 1235 1570
304 1390 1463
448 1395 1467
1363 1464 1864
3614 1278 1698
4960 1528 1845
5086 1589 1814
493 996 1574
1748 1477 1498
5992 1661 1632
692 1670 1702
1927 1543 1492
2153 1592 1555
2269 1570 1511
2583 1565 1503
2756 1609 1614
2941 1665 1704
3761 1615 1765
1098 1381 1810
4287 1434 1492
1526 1586 1623
1890 1469 1863
2460 1685 1665
4719 1603 1556
5012 1310 1763
5459 955 1661
2626 1639 1723
2711 1259 1670
2923 1682 1672
3719 1436 1806
3738 1514 1756
1402 1592 1590
1731 1579 1518
2143 1525 1490
2904 1635 1628
2977 1600 1600
5746 1512 1746
593 1491 1844
1115 1583 1628
2136 1606 1578
2486 1596 1545
2521 1544 1499
6082 1670 1637
2001 1506 1831
3429 1615 1791
5817 1511 1801
5837 1668 1634
5951 1689 1655
591 987 1568
2198 1128 1526
3970 1590 1550
3206 1476 1815
4562 1617 1764
4578 1241 1589
5019 1502 1747
1843 1399 1467
1929 1608 1564
84 1432 1908
1258 1464 1831
3278 1516 1838
3908 1557 1495
4187 1235 1588
438 1550 1495
504 1057 1508
4042 1466 1845
2182 1685 1655
185 1473 1767
3529 1485 1804
3705 1430 1887
4585 1270 1633
4643 1115 1530
4813 1552 1502
5404 1585 1537
5968 1581 1530
1027 1665 1639
3780 1192 1559
4761 1629 1732
4772 1628 1744
5646 1003 1525
389 1467 1487
2469 1556 1498
2936 1239 1526
3500 1640 1630
3585 1642 1720
225 1401 1806
2052 1235 1561
2810 1024 1506
3710 1312 1731
5679 1443 1836
3528 1614 1758
4103 1608 1616
770 1568 1832
2464 1027 1579
5682 1443 1490
5821 1444 1876
4379 1465 1867
5149 1441 1825
5277 1636 1718
5637 1088 1519
5041 1675 1689
3303 1668 1633
4060 1511 1832
4177 1522 1832
4614 1271 1494
2175 1476 1490
2316 1620 1758
2483 1264 1502
2813 1262 1498
3308 1453 1486
557 1591 1533
583 1643 1624
1785 1316 1746
2412 1655 1635
1070 1535 1496
2388 1676 1694
3008 1588 1550
3915 1501 1842
4334 1262 1637
4976 1600 1568
754 1404 1473
3628 1658 1705
4109 1601 1562
6208 1687 1656
6220 1475 1852
4994 1542 1500
3305 1619 1757
3894 1516 1502
4620 1615 1613
5188 1281 1641
5627 1596 1557
496 1605 1556
1172 1238 1572
3253 1534 1831
3827 1478 1819
4820 1599 1581
1018 1611 1611
3392 1644 1626
3928 1530 1844
4118 1568 1515
1153 1578 1822
1246 1599 1809
2792 1592 1598
2796 1558 1504
4013 1592 1592
5393 1451 1830
3205 1450 1489
3743 1452 1790
3988 1444 1817
4665 1296 1731
5413 1147 1532
5761 1052 1500
5970 1638 1617
6011 1687 1645
2125 1409 1460
2839 1651 1624
4776 1265 1487
190 1481 1779
422 1236 1526
890 1572 1844
4259 1007 1509
4543 1691 1670
4582 1461 1484
4733 1629 1595
2578 1683 1698
2806 1617 1604
3742 1698 1676
3978 1482 1486
4067 1677 1634
5690 1569 1494
1365 1342 1448
3093 1480 1483
87 1479 1488
1332 1629 1597
1702 1526 1483
3255 1691 1672
1029 1229 1536
3641 1566 1487
3857 1699 1683
5906 1597 1538
6239 1612 1605
1020 1419 1462
1091 1586 1515
4621 1360 1440
4697 1638 1739
5860 1622 1576
6054 1484 1482
2938 1620 1563
2978 1613 1577
4091 1030 1498
698 1517 1776
1469 1449 1481
1947 1674 1706
2859 1493 1494
3361 1454 1477
4056 1613 1604
4986 1531 1860
5339 1450 1474
5795 1220 1549
5854 1467 1787
972 1621 1604
2428 1606 1613
140 1232 1542
3270 1415 1467
4967 1576 1489
5802 1672 1628
1912 1692 1652
2075 1304 1476
4468 1418 1464
4660 1635 1602
5070 1694 1652
5148 1513 1497
2122 928 1607
2744 1452 1481
2758 995 1525
3877 1658 1619
5929 1674 1634
1049 984 1562
1797 1518 1810
3490 1464 1478
5183 1674 1624
5779 1545 1795
193 1582 1514
899 1548 1860
3718 976 1543
4891 1474 1895
4922 1552 1846
144 1670 1623
1802 1156 1518
3033 940 1641
3841 1090 1509
5863 1498 1486
4858 1628 1608
5709 1339 1445
174 1355 1441
828 1603 1536
975 1682 1641
2319 1482 1777
3452 1588 1521
3582 1669 1630
5525 1543 1869
1360 974 1539
3980 1578 1508
845 1452 1901
2476 1285 1477
3897 1569 1835
4073 1642 1617
491 1579 1509
4041 1633 1610
1385 1509 1767
1527 1431 1472
2115 1332 1453
2422 1657 1718
4695 1422 1469
5215 1359 1451
5788 1692 1660
197 1438 1474
361 1457 1482
4277 1626 1765
4717 1406 1459
5118 1372 1810
486 1550 1486
1425 1524 1818
1576 1687 1660
1762 1590 1531
4789 1695 1669
5369 1665 1715
5434 1473 1786
5566 1371 1445
5671 1552 1489
3 1529 1488
306 1406 1461
1781 1576 1485
1949 1238 1522
2707 1301 1472
4580 1468 1789
6128 1668 1709
1689 1605 1609
1904 1647 1735
5580 1618 1559
249 1434 1472
2619 1378 1449
3116 1495 1764
510 1517 1481
2208 1632 1604
2909 1580 1512
3256 1473 1779
4092 1651 1723
4456 1600 1813
4912 1519 1788
5187 1620 1793
1383 932 1634
1986 1401 1896
2809 1547 1856
5923 1539 1861
5995 1380 1865
1260 1488 1490
1568 1601 1816
2034 1430 1473
2186 1559 1851
2743 1643 1736
2891 1595 1528
3007 1687 1648
3145 1637 1604
3420 1655 1718
3775 1646 1740
4683 1602 1544
4704 1401 1892
700 1683 1701
960 1591 1522
4421 1693 1657
5254 1611 1591
5942 1588 1517
1418 1609 1551
2731 1434 1470
3089 1633 1743
3647 1612 1590
3740 1224 1539
4384 1662 1621
4438 1208 1550
131 1007 1511
268 1536 1862
2310 1622 1787
2568 1603 1601
3836 1597 1533
4915 1291 1479
6194 1503 1493
822 1651 1618
2148 1407 1461
2735 1516 1497
2846 1667 1630
3594 1626 1601
3712 1696 1676
4611 1659 1629
4749 937 1607
5530 1602 1549
1067 1372 1449
1719 1667 1712
5867 937 1580
6155 1366 1451
105 1367 1815
554 1347 1443
1653 1687 1700
3723 1679 1639
4907 1684 1703
556 1248 1508
743 1154 1514
1193 1063 1500
5819 1475 1485
5847 1431 1477
861 1645 1612
1097 1652 1616
2380 1218 1552
3347 1574 1495
4307 1244 1508
5043 1476 1481
421 1276 1484
3373 1575 1833
5950 1536 1860
314 1623 1762
2285 1600 1604
4827 1070 1507
5941 969 1544
717 1663 1630
2344 1675 1640
3099 1688 1681
4359 1627 1596
4514 1635 1608
4568 1492 1493
5332 1685 1631
6098 1679 1633
35 1620 1581
1852 1413 1458
3703 1569 1490
4609 1459 1481
5354 1667 1621
5405 1497 1491
3773 1626 1785
4306 1459 1907
4480 1646 1731
5771 1503 1492
587 1365 1446
736 930 1618
4142 1559 1487
4574 1656 1624
4780 1595 1530
5169 1668 1714
797 1185 1540
1507 1465 1793
2250 1691 1642
2307 1581 1511
2890 1602 1817
3587 1429 1475
408 937 1579
541 964 1561
918 1496 1493
1247 1612 1554
1978 978 1565
5438 1506 1497
6016 1399 1893
469 1286 1760
767 1580 1829
1563 1546 1485
2708 1485 1764
4554 1688 1637
5014 1359 1441
5600 1653 1625
5905 1537 1485
343 1526 1774
659 1591 1819
1554 1652 1623
2089 1658 1626
4730 1279 1479
5774 1597 1525
1224 1603 1604
5880 1478 1894
1116 1469 1791
2223 1155 1520
3993 1677 1639
4144 1689 1691
4305 1612 1583
5373 1408 1450
5397 1557 1483
206 1380 1867
1502 1670 1635
2117 1689 1651
2384 1646 1741
4147 1618 1563
5786 1467 1486
872 1659 1617
1377 1153 1516
61 1419 1463
2579 1636 1611
4721 1677 1631
911 1605 1534
5392 1661 1622
733 936 1623
1763 1680 1640
2382 1410 1464
5226 1603 1597
362 1024 1501
888 1689 1698
971 1586 1822
1076 1425 1474
1132 1487 1777
2570 1636 1746
3371 1568 1496
3638 1614 1561
990 1523 1785
1259 1701 1678
2761 1355 1450
3085 1685 1701
4113 1538 1485
4204 998 1735
5308 964 1712
5971 1429 1468
4527 1277 1479
5381 1520 1820
6156 1501 1487
2487 1398 1452
3476 993 1526
326 1578 1500
2076 1605 1596
3933 1617 1579
1509 1610 1564
2023 1582 1517
2218 1425 1916
5055 1246 1506
1506 1611 1807
1833 1692 1678
2297 1346 1450
2478 981 1543
3818 1592 1532
5402 1399 1448
509 1682 1703
590 1510 1758
1428 1672 1634
2063 1600 1613
3457 1612 1562
3505 1503 1764
3566 1616 1580
3966 1169 1531
339 1474 1771
381 1677 1626
2232 1240 1519
3251 1489 1483
4080 1634 1772
4149 1443 1904
4521 1595 1537
5090 1370 1807
5704 1478 1481
1012 1259 1497
1960 1659 1622
2942 1523 1862
6147 1506 1493
1680 1643 1618
2660 1693 1681
2886 1469 1485
3412 1643 1739
3496 924 1599
5406 1231 1535
5651 1521 1855
5801 1643 1749
3977 1403 1449
6255 1593 1826
951 1532 1787
2082 1691 1679
2459 1530 1858
2488 1512 1779
4140 1543 1489
5071 1601 1536
5513 1525 1486
5642 1176 1530
384 1629 1614
1072 1691 1667
3316 1638 1619
3368 948 1672
5192 1383 1884
5595 1552 1485
299 1451 1482
1191 1617 1794
1903 946 1662
2466 1596 1820
2472 1254 1502
2554 1521 1770
5128 1591 1521
6012 1605 1603
358 961 1576
2834 1499 1488
5842 1696 1667
6122 1431 1470
1152 1544 1483
2212 1583 1826
2763 1495 1759
2919 1520 1819
3078 1577 1498
3551 1686 1689
3887 1273 1481
4005 1499 1772
4544 1455 1906
4797 1680 1627
241 1669 1627
1127 1380 1844
3160 1695 1665
3314 1604 1614
3345 1608 1549
3562 1627 1758
3609 1355 1447
233 1578 1489
709 1642 1622
3044 1383 1824
4928 1645 1730
5079 1608 1812
5587 1674 1635
2 1604 1550
188 1697 1688
402 1400 1447
3722 1598 1615
37 951 1683
1209 1445 1471
1921 928 1618
3265 1415 1461
4387 1617 1569
4677 1356 1809
5150 1120 1526
516 1462 1485
638 1633 1608
2262 1360 1444
3377 1013 1511
3676 1439 1480
3899 978 1554
1063 1672 1625
3709 996 1523
3795 1626 1604
5471 1592 1530
443 1362 1448
3224 1595 1819
4500 1634 1604
3097 1478 1771
3430 1034 1493
5101 1549 1487
307 1576 1830
2096 1515 1496
2099 1628 1759
4208 1692 1640
5174 1410 1453
737 1540 1484
3882 1690 1686
4154 1688 1641
4591 1531 1793
4657 1441 1472
5366 1584 1506
5608 1513 1491
5734 1435 1478
3465 1618 1580
5209 1538 1859
1891 1681 1632
3397 1574 1502
4055 1604 1809
1899 1484 1761
2947 1199 1552
4081 1102 1521
4688 1500 1490
166 1441 1474
788 1670 1631
807 1487 1894
1670 1483 1767
1807 1694 1674
1932 1223 1554
2760 1486 1490
3109 936 1633
4283 1601 1618
5295 1530 1485
5326 1386 1849
5814 1306 1475
2787 1625 1597
3873 1547 1864
4123 1500 1493
5152 1005 1510
5461 1297 1477
441 1402 1452
1346 1608 1611
3690 1689 1679
6203 1693 1682
119 1477 1766
524 1110 1520
4098 1501 1773
4559 1201 1550
4745 1647 1611
4767 1677 1703
4929 1695 1641
5022 1617 1800
5024 1539 1792
5324 1597 1617
5683 1520 1484
444 1521 1778
2432 1587 1505
2696 1649 1733
3013 1650 1732
3336 1690 1692
3840 1616 1795
1692 1552 1856
2244 1634 1605
2409 1372 1452
2824 1688 1699
3426 1581 1495
928 1592 1525
1693 1400 1889
2086 1535 1486
2289 1517 1773
2837 1670 1625
3225 1460 1478
4095 1235 1532
5955 1235 1528
1478 1242 1509
2610 1700 1677
3555 1255 1494
2242 1642 1609
2762 1482 1788
3584 1563 1850
5297 1598 1611
1053 1361 1807
2544 1448 1473
3349 1616 1603
3363 1423 1479
3576 1019 1499
4992 1596 1615
5427 1595 1534
5460 1525 1778
5473 1496 1489
387 1470 1486
968 982 1549
1338 1598 1619
5486 951 1567
5695 1609 1809
340 1616 1597
456 1505 1769
1845 1464 1484
1945 1604 1549
3800 1477 1482
4501 1420 1468
4702 1574 1501
6213 1523 1487
837 1583 1495
2095 1381 1870
2354 1614 1596
3956 1608 1601
25 938 1601
1711 1395 1892
3120 1148 1512
3378 1145 1516
3433 1441 1475
4308 1692 1662
4475 1533 1783
6174 1472 1905
146 1623 1609
802 1359 1442
1222 1662 1629
1540 1514 1811
3165 1351 1443
6111 1687 1685
4235 978 1559
555 927 1600
1210 1584 1516
1516 1634 1745
1651 1471 1900
1884 948 1663
4785 1628 1757
729 1342 1788
1125 1621 1587
2816 1151 1514
2950 1625 1610
5770 1364 1450
935 1403 1443
4670 1633 1616
4985 1687 1659
850 1616 1584
943 1061 1501
2072 1528 1778
3214 1618 1576
4320 1672 1624
6253 1615 1562
980 1024 1499
2020 1694 1664
5889 1413 1452
600 1506 1490
683 1609 1605
1294 1528 1483
2214 997 1525
3171 1586 1508
4354 1631 1617
6105 1678 1700
956 1672 1710
1582 1390 1859
5084 1672 1709
1596 1479 1790
2114 1459 1482
2195 966 1562
2676 1628 1782
3822 1619 1582
3981 1100 1516
6251 1701 1673
3285 1301 1471
3898 1513 1771
3924 1608 1590
4297 1299 1479
4353 1611 1585
996 1198 1543
2202 1299 1480
2420 1441 1473
4200 1582 1508
5274 1525 1482
1752 1675 1619
2492 1295 1468
2699 1708 1660
2987 1305 1462
3032 1638 1596
3727 1503 1475
4216 900 1578
969 1496 1792
1393 1602 1518
1678 1414 1436
779 1639 1595
2817 948 1684
3053 938 1649
4910 1487 1793
5926 1594 1508
631 1617 1808
2252 1487 1912
4636 1518 1796
5356 904 1584
5825 1064 1494
796 938 1660
840 1617 1540
1017 1432 1465
3527 1704 1635
4435 1483 1476
774 1272 1459
2149 1607 1820
2360 1709 1666
3591 1502 1485
4405 1256 1485
280 1611 1814
2235 1318 1460
2582 1611 1524
4892 1705 1666
5590 1654 1610
316 1549 1879
494 1614 1546
3259 930 1572
5223 1615 1513
1741 1690 1627
4486 1703 1650
5221 1663 1617
2690 1366 1430
3713 1367 1418
4157 1597 1516
4440 1300 1455
597 1340 1438
1722 1596 1833
3860 1582 1484
4318 1025 1797
5244 1320 1441
1948 1221 1522
1995 1614 1515
2002 1661 1728
2642 1646 1583
3891 1678 1608
5660 1632 1575
5822 921 1579
2821 1573 1477
1465 1613 1497
2330 1362 1435
2836 1673 1604
4448 988 1751
4511 1700 1635
5917 1503 1483
904 1500 1781
1089 1376 1424
4836 1080 1498
4917 1695 1692
246 1368 1868
483 1616 1491
2248 1626 1584
2605 1312 1454
3187 1642 1765
3264 1593 1482
4768 1355 1428
5546 1394 1904
979 1377 1428
1268 1698 1690
1976 1612 1543
3644 1638 1584
5138 1642 1598
1165 1477 1475
1295 1632 1576
1879 1399 1903
3760 1328 1441
987 1412 1437
2453 1343 1438
2759 1243 1497
3043 1619 1561
4711 1674 1713
2356 1370 1875
5538 1560 1868
5450 1633 1565
2278 1487 1479
2807 1615 1510
3790 1585 1486
5874 1590 1839
1462 1621 1595
2194 1373 1444
2450 1412 1439
2612 1303 1462
3607 1297 1462
5157 1306 1456
5871 940 1675
6131 1571 1484
977 1640 1747
1501 1250 1496
2113 1624 1796
2577 1365 1420
4615 1590 1478
563 1694 1698
3102 1015 1493
3319 1625 1577
4194 1487 1481
4931 1449 1462
5200 1557 1859
214 1628 1572
644 1277 1463
889 1673 1619
3848 970 1537
507 1595 1494
896 1250 1490
5439 957 1558
1232 1069 1488
3995 1234 1512
4560 1649 1587
5928 958 1556
6072 1309 1442
1405 1706 1660
2628 1233 1506
3967 1559 1479
3985 902 1584
5707 1337 1433
6190 1632 1584
1882 1697 1641
1963 1545 1876
3965 1626 1575
4602 1587 1483
5468 1709 1657
5796 1508 1481
2795 1633 1577
3244 1499 1476
4097 1563 1857
5107 1672 1610
243 1103 1513
820 908 1593
836 1662 1725
1286 1428 1918
1865 925 1565
3087 1701 1659
3286 1696 1625
3711 1318 1461
3879 1687 1618
4793 1656 1736
5085 1637 1574
883 1363 1421
1375 1311 1461
1876 1383 1444
4503 1308 1464
1296 1617 1547
2045 1651 1739
2327 1595 1517
3000 1635 1581
3990 1342 1434
5095 1518 1871
5136 1478 1908
5869 1635 1569
5948 1472 1475
0 1651 1596
297 1613 1523
377 1704 1648
3071 1552 1869
3114 1695 1694
3805 1317 1453
4261 1284 1458
711 1678 1709
821 1309 1456
5130 1613 1514
544 1367 1441
891 1380 1437
2867 1645 1580
3621 1367 1416
1379 1335 1799
1801 1559 1474
2079 1571 1864
2389 1630 1790
4784 1037 1483
5002 1267 1467
578 1015 1500
1705 1593 1491
3011 1681 1626
3504 1178 1520
5230 1524 1884
5477 1603 1519
5866 1697 1648
6055 1622 1795
913 1286 1452
942 923 1626
1300 1509 1479
1710 1374 1420
2341 1526 1475
3194 1498 1478
5811 1658 1612
22 1543 1473
1025 1602 1515
1739 1504 1476
3369 1707 1673
4402 1393 1439
1000 1602 1525
1004 1713 1676
5210 1680 1619
492 1645 1589
1243 1165 1518
1394 1661 1731
1510 1659 1601
1842 1352 1437
4826 1224 1524
5980 1092 1506
868 1489 1793
3135 1055 1494
4076 1388 1445
4406 1646 1750
6244 1705 1688
684 1453 1922
719 1275 1473
2312 1563 1481
4010 1555 1478
5394 1240 1509
4186 1384 1428
6232 1652 1609
192 1615 1528
224 1235 1515
522 1629 1786
3695 1676 1714
3997 1471 1478
5098 910 1595
14 1376 1426
399 872 1580
1094 1103 1509
1700 1699 1632
2177 1638 1583
3022 1336 1437
3040 1616 1548
4588 1480 1912
5056 1701 1654
5717 1661 1724
5767 1608 1818
5983 1511 1487
54 1612 1527
2286 1667 1614
3291 1388 1447
2071 1372 1443
4333 1359 1432
1288 1693 1629
1476 1299 1461
3113 1090 1500
3763 873 1590
3957 1296 1447
5907 1392 1443
50 1535 1473
2662 1601 1512
2855 1249 1491
4184 1646 1593
4288 1302 1464
4466 1302 1449
5622 1280 1457
3144 1636 1595
3765 1588 1484
5676 1551 1878
5899 1611 1502
2991 1651 1593
6200 1563 1475
2602 1581 1479
4323 1592 1497
4337 1612 1521
3235 1598 1832
5104 1522 1873
5754 1607 1531
3645 955 1542
6045 1627 1574
1873 1490 1778
2151 1509 1489
3546 1698 1657
5908 1596 1520
15 1434 1458
2171 1682 1617
2585 1624 1589
3139 1641 1583
3201 917 1560
3212 1305 1438
4063 1694 1624
4737 1645 1605
4923 1380 1434
5669 1480 1479
6118 1440 1461
1326 1500 1484
1590 1634 1566
1688 1555 1477
2865 1273 1472
4029 1626 1795
4215 1613 1519
479 948 1565
1241 1538 1867
1671 1466 1911
1784 920 1576
2284 1603 1823
5526 1627 1559
5805 1169 1515
186 1613 1531
204 1687 1626
1129 1575 1482
5196 1621 1562
5840 1235 1504
2147 1573 1480
2421 1077 1499
2473 1376 1441
2489 1380 1897
2803 1455 1473
3001 1163 1517
4667 1656 1733
1390 1594 1513
1915 1501 1482
3124 1591 1483
3181 1322 1440
3542 1503 1796
4974 876 1593
5939 1686 1614
269 1631 1578
4633 1591 1832
6000 1573 1865
4904 1386 1442
5293 1548 1480
5333 1648 1586
5428 1622 1590
6080 1164 1511
1505 1080 1496
1614 1548 1873
2121 1575 1845
6033 1666 1611
85 1566 1478
1253 1647 1589
2027 1620 1807
4000 1570 1479
5744 1653 1608
6234 1696 1696
755 1679 1609
1340 929 1568
3075 1298 1464
4256 1586 1493
4769 1534 1867
4842 1656 1605
5594 1387 1432
2334 1627 1577
2689 1615 1810
4100 1604 1531
4589 1659 1729
5562 1699 1637
5677 1642 1602
1131 1710 1664
1334 956 1544
3098 1580 1852
3895 1698 1654
5064 1324 1446
5900 1454 1464
6010 1641 1585
3829 1523 1479
5054 1559 1864
1895 1509 1485
2127 1674 1719
2843 1307 1437
5389 1613 1492
5875 1646 1591
2778 1245 1494
3734 1448 1468
3941 1561 1483
4540 920 1600
5275 1333 1434
5816 1642 1600
168 1370 1433
2093 1546 1481
3182 1590 1507
3640 1577 1843
4301 1157 1510
5374 1625 1582
5756 1571 1853
423 1407 1922
749 1344 1805
838 1314 1436
2028 1614 1550
2124 1428 1465
3086 1648 1590
4199 1383 1431
4613 1587 1479
6088 1707 1684
6216 1625 1799
1668 1499 1483
4139 1692 1705
4723 1521 1472
200 1596 1512
1987 1343 1439
2253 947 1561
2592 1418 1440
2639 1698 1635
49 1374 1424
1057 1169 1516
1279 1525 1479
2029 1628 1583
3186 1679 1621
3910 1586 1492
4347 1047 1482
4808 1363 1434
5467 1545 1473
5844 1425 1463
6063 1630 1585
6246 1618 1543
1052 1628 1568
2530 1400 1902
680 909 1597
1148 1315 1789
1983 1559 1857
2992 1234 1510
3693 1665 1607
5909 1633 1782
6081 1536 1476
2368 1317 1464
2523 1612 1494
1580 1621 1552
1896 1638 1748
2564 1643 1584
3356 1691 1622
5495 1596 1499
708 1658 1606
1065 1375 1864
1555 1373 1889
3503 1382 1432
3665 1640 1768
3680 1386 1430
4811 1500 1892
5282 1671 1613
5312 1327 1435
1282 1318 1440
2376 1335 1442
5773 1692 1623
1679 1649 1585
2349 1568 1856
2960 1585 1840
5408 1642 1587
6024 1643 1578
2414 1694 1626
4202 1646 1587
5849 1356 1834
320 1665 1616
653 1664 1727
2009 1536 1474
2737 1286 1471
3512 1311 1437
4275 1274 1462
4519 1374 1438
5415 1683 1705
5492 1512 1794
5698 1365 1439
2729 921 1567
2893 1657 1726
3518 1369 1440
3781 1626 1572
5249 959 1725
5452 1480 1478
5621 1647 1605
127 1710 1681
1608 1635 1582
3404 1690 1619
3681 1495 1477
4927 946 1691
5730 1569 1852
660 1604 1522
1056 1599 1522
1649 1616 1538
3670 1645 1581
5443 1121 1517
5927 1305 1452
2812 1496 1484
3764 1056 1492
4053 914 1581
6198 1501 1480
907 951 1536
1382 1362 1426
3838 1701 1685
5074 1445 1470
5688 1612 1522
1487 1323 1442
2502 977 1534
3210 1320 1457
4104 1304 1459
4151 1468 1474
4282 1354 1436
4700 1654 1593
4755 872 1579
5103 1602 1514
940 1695 1640
1032 1709 1658
1434 1701 1680
2983 1315 1438
1795 1627 1792
1860 1712 1675
2041 1299 1440
3130 882 1583
3929 1611 1539
4908 1060 1490
5502 1200 1534
5703 1598 1523
407 1631 1779
1490 1710 1659
2337 1369 1427
3142 1372 1423
3357 1625 1567
3449 1637 1748
3553 1617 1553
4129 1606 1524
5511 1713 1678
6182 1370 1444
2328 1428 1460
2594 1559 1476
4429 1153 1505
6204 1366 1437
2436 1503 1791
2780 1003 1509
3474 1519 1794
5570 877 1590
6112 1603 1528
110 1573 1856
4652 922 1553
139 1706 1682
2077 1566 1854
3327 1705 1650
3832 1683 1709
5573 1587 1491
5655 1325 1435
379 1652 1738
2026 1670 1609
3384 1522 1476
4340 1493 1788
5199 1508 1484
6041 1553 1879
1605 1532 1478
2557 1691 1629
2655 1312 1456
3432 1574 1858
3886 1227 1529
5783 1531 1475
176 1694 1627
533 1169 1512
1283 1635 1754
2295 1617 1494
2720 1594 1518
2775 1406 1445
3110 1706 1667
4038 1701 1657
4155 1711 1667
4229 1249 1484
4483 1511 1782
6052 1628 1586
346 1450 1469
2128 1016 1494
2234 1531 1479
2406 1709 1679
3932 1528 1474
4694 1318 1441
4934 1485 1477
6225 1623 1592
588 1321 1439
1817 1538 1877
3724 1626 1557
3769 1540 1879
4968 1636 1761
4979 1611 1508
5605 1592 1496
2293 1489 1903
3057 1285 1464
5631 1409 1443
5960 1503 1484
5998 1321 1458
62 1655 1612
740 1608 1535
5549 1710 1665
6250 1486 1900
3301 1460 1472
4071 1568 1481
4830 1432 1461
1615 1318 1435
2911 1699 1633
3306 1194 1533
5256 1625 1590
5305 1375 1446
324 1687 1708
489 1189 1536
562 1614 1506
2192 1675 1621
4576 1706 1677
33 1705 1669
2385 1436 1464
2065 1071 1490
5578 1708 1676
5612 1625 1555
5994 1635 1568
2120 1676 1710
2988 1527 1473
5572 1705 1674
345 1610 1530
1106 1553 1482
2712 1461 1471
3289 1688 1630
4069 1550 1475
4397 1623 1548
702 1520 1475
1943 918 1605
3074 1491 1479
4309 1443 1468
2748 1506 1484
4214 1604 1520
4709 1606 1533
4835 1611 1531
876 1626 1568
1047 1625 1573
3360 1680 1618
5359 1304 1465
5607 1317 1437
1196 1495 1482
1239 934 1560
2671 1618 1806
3052 1305 1453
3164 986 1529
3419 1656 1610
4172 1103 1511
4883 1632 1587
5160 1334 1444
5674 1462 1474
596 1328 1436
2183 1615 1535
2367 1361 1419
2596 1379 1880
211 1645 1751
1798 1581 1478
6030 1037 1487
738 1563 1856
2351 1621 1805
3509 1697 1642
4513 1592 1485
4882 1254 1487
5007 1587 1840
5896 1593 1481
157 1561 1480
282 1591 1498
2220 1443 1461
2497 1589 1834
2910 920 1553
4597 1696 1627
1352 1601 1828
3189 1601 1528
4022 1686 1712
126 1479 1917
2394 1300 1459
2558 1615 1522
3156 1560 1869
4357 976 1548
6004 1648 1751
1287 1300 1439
5214 1708 1671
6008 1560 1477
2104 1624 1554
495 1282 1459
1953 1667 1726
2435 1699 1629
3937 1674 1608
5178 1441 1469
5670 1646 1748
23 1188 1527
1198 1694 1701
1594 1647 1585
2230 1592 1503
2914 1092 1505
5603 1686 1704
5635 1618 1550
5930 1299 1442
2576 1330 1434
2781 993 1515
3559 1532 1873
2969 1305 1451
371 1526 1869
1637 1615 1807
3046 1278 1465
4265 1514 1490
4389 1615 1531
4841 1586 1478
530 1388 1437
1366 1689 1623
3302 1300 1452
5260 1615 1492
6057 1566 1869
4687 1706 1653
5848 1243 1502
6138 1645 1761
1744 1702 1668
1875 1109 1514
2176 1484 1914
2508 1564 1480
2884 1317 1447
2957 1473 1476
288 1628 1788
3523 932 1542
4625 1641 1580
5850 1164 1515
1920 1619 1546
5701 1582 1487
5918 991 1515
55 1490 1897
1307 1646 1594
1944 1091 1497
2205 1276 1458
4756 1379 1877
4939 1461 1916
5946 1632 1569
2873 951 1540
3485 1583 1477
4996 1273 1468
614 1689 1617
2016 1004 1507
2431 1465 1472
2666 1603 1827
3082 1525 1480
4814 1359 1430
6006 1469 1469
1397 1673 1609
2993 1242 1503
4523 1572 1855
13 918 1578
1946 1419 1450
3909 1626 1555
4715 1389 1435
5925 1326 1446
2283 1565 1864
2686 915 1595
4529 1399 1904
4954 1534 1474
629 1598 1509
759 1689 1707
1993 1698 1699
4627 1378 1442
5524 1645 1747
1769 1592 1479
3428 1589 1484
4245 984 1521
5238 1375 1423
5512 1571 1481
5565 1623 1572
3635 1716 1658
4001 1443 1928
4116 897 1579
2442 1623 1810
4004 1644 1571
4246 1691 1614
310 1299 1427
570 1643 1563
1064 1622 1521
1701 1609 1484
1808 1648 1568
3297 1523 1886
3639 1266 1463
3785 1619 1489
2054 1680 1599
2764 1620 1529
2861 1537 1469
2953 1726 1676
3266 1671 1723
5657 1671 1581
864 1713 1633
3407 1679 1723
6090 1675 1583
884 1242 1479
2989 898 1574
3243 1706 1704
5153 1085 1487
309 1711 1693
5653 1551 1887
776 1688 1719
1108 1657 1747
2590 1369 1408
3155 1619 1524
4278 1656 1742
129 1565 1876
1796 1559 1465
3783 1160 1505
219 1636 1558
1271 1713 1645
2831 1364 1399
3158 1350 1415
3947 1567 1880
6046 1640 1565
2331 872 1562
2822 1623 1505
3945 1718 1684
4539 1478 1470
4583 1579 1457
92 1489 1471
150 1566 1456
1337 1669 1572
2416 1356 1825
3799 1027 1485
4119 1482 1465
5077 1684 1611
5958 1508 1471
205 1604 1505
338 1695 1622
519 1645 1566
944 1562 1890
1460 1372 1406
4682 1645 1565
5885 1432 1928
6158 1094 1494
356 1024 1481
2540 1242 1491
4011 1701 1700
5421 1684 1720
1632 1710 1647
2158 1347 1411
2499 1215 1518
3971 1251 1470
6036 1720 1679
40 1622 1519
641 1619 1817
2134 1701 1709
4790 1695 1617
397 1391 1417
930 1655 1588
1474 1655 1578
1691 1666 1565
2514 1224 1503
3288 1432 1456
4601 1697 1610
6015 1226 1504
1324 1481 1466
2574 1340 1814
3015 1672 1578
4090 1471 1461
4453 1669 1600
4650 1676 1722
694 1673 1584
875 1318 1422
1107 1689 1601
1316 1583 1857
1991 1258 1464
4181 1673 1730
4502 1584 1469
5484 1652 1585
697 1622 1811
2267 1667 1601
4059 1605 1507
5092 1355 1421
5399 1716 1662
1482 1455 1927
1713 1568 1875
2274 1382 1423
2463 1602 1835
4132 1662 1566
1942 1685 1610
2101 1371 1898
3868 1717 1652
2240 1448 1455
2271 1366 1401
2956 893 1581
3520 1597 1501
3684 907 1624
4684 1492 1473
5184 892 1615
5350 1239 1496
5403 1681 1607
2006 1700 1625
2110 1598 1497
4932 1362 1408
1854 1602 1475
2444 1256 1473
3064 1601 1481
4106 1716 1690
577 1641 1567
579 1558 1463
936 1544 1463
1373 1334 1809
1498 1695 1619
1867 1697 1621
3119 1617 1526
4276 1696 1614
5218 1364 1401
5233 1380 1407
5337 1362 1398
5718 1194 1515
859 1619 1531
1698 1712 1630
1980 1285 1438
2603 1616 1516
3129 1562 1469
3337 1668 1567
4352 1114 1510
4666 1399 1436
5510 1616 1512
178 1642 1767
506 1721 1665
898 917 1615
1189 1688 1714
3034 1623 1813
3999 1587 1473
1493 1648 1573
1520 1482 1927
1950 1236 1501
3084 1378 1417
4366 1207 1525
5121 1711 1637
6143 1429 1447
514 1546 1465
5009 1306 1803
6108 1466 1459
1343 1635 1793
1791 887 1571
2823 1705 1697
3257 1625 1530
4460 931 1540
5857 1340 1418
6096 1666 1571
1080 1720 1671
1513 1720 1663
3845 1472 1931
16 1672 1594
3179 1488 1914
2899 1716 1670
57 1601 1510
5126 1348 1430
36 903 1617
1573 1696 1620
3732 1281 1434
5151 1627 1485
5290 1670 1732
5416 1319 1417
2119 1396 1432
2417 1587 1464
2916 1651 1584
3215 1625 1545
3596 1647 1581
5163 845 1581
630 1589 1475
1051 1579 1865
1230 1551 1888
1479 1654 1753
1864 1517 1464
3296 1312 1423
3578 1719 1678
3633 1626 1549
5053 1667 1595
6136 1257 1470
6137 1714 1657
1313 1604 1491
1503 1578 1469
2623 1715 1675
4349 1241 1492
4382 1598 1504
4505 1399 1429
424 1706 1634
1336 1439 1457
2051 1534 1471
2876 1487 1918
5505 1571 1466
1304 962 1531
2736 1703 1618
3042 1624 1521
3090 1640 1574
3168 1537 1892
5003 1331 1409
5383 1099 1491
5694 1621 1498
1216 1142 1509
1380 1627 1803
2106 1473 1467
2372 1291 1443
3487 1277 1441
6064 1531 1465
1648 1332 1407
2215 1361 1410
111 1575 1463
1547 1626 1496
2281 1343 1419
3605 1121 1513
1005 1703 1631
1009 931 1689
1110 1538 1462
4250 1656 1574
5482 1331 1410
5687 1620 1518
1532 1577 1468
5940 1336 1420
1328 1624 1498
1970 1385 1415
3024 1638 1571
3603 1709 1645
3786 1696 1704
5426 1379 1424
5518 1558 1466
5957 1671 1589
20 1458 1457
863 1592 1468
2746 1626 1808
2874 1694 1606
2900 1323 1418
3095 1440 1929
4999 1691 1617
1088 1669 1725
1574 1692 1603
3263 1336 1413
5398 1676 1591
5861 931 1557
3748 1178 1511
5799 920 1631
5898 977 1514
6240 1697 1712
75 1701 1624
1592 937 1547
1914 1344 1433
2107 1136 1513
5197 1573 1875
5882 1659 1742
671 1584 1459
1931 909 1551
2159 1192 1515
3175 1245 1481
3533 1466 1458
5628 909 1606
333 1046 1478
3012 1463 1930
3538 1626 1540
3581 1057 1480
4238 909 1619
5576 1204 1522
6254 1568 1468
1102 1467 1468
1227 1689 1606
3290 1210 1517
4130 1704 1699
551 1607 1502
3115 1564 1879
4469 1661 1576
5556 1599 1467
5563 1708 1648
3863 1702 1613
815 1634 1549
6042 1349 1416
93 981 1512
1240 985 1516
2167 1227 1510
3537 1686 1605
5987 1283 1444
6076 920 1628
1485 992 1511
2401 1624 1542
3410 1379 1914
6184 1597 1839
1113 1686 1597
2329 1501 1471
255 1629 1543
383 1701 1615
1440 1607 1508
2090 1401 1433
2374 1662 1570
3318 1569 1467
3469 1633 1792
4867 876 1555
5453 1579 1468
6195 1371 1404
58 1704 1625
1228 1689 1710
1828 1605 1502
2928 1474 1464
3403 1629 1558
4252 888 1556
5168 1726 1677
5259 1707 1636
5602 1631 1549
5914 1723 1668
451 1692 1608
1133 1669 1576
1175 1610 1516
3213 1615 1527
4087 1630 1796
4401 1597 1475
5672 1570 1883
2350 1712 1639
2482 1708 1627
4364 1671 1575
5049 1224 1509
334 1714 1650
2201 1552 1889
3507 983 1516
3853 1622 1536
4812 1687 1603
5300 1481 1468
6043 900 1585
6133 1717 1667
1244 1715 1666
1777 1344 1412
2713 1665 1586
4464 1666 1737
4703 1450 1455
2771 1672 1597
5039 1549 1463
5536 1653 1578
866 1624 1547
2673 1365 1410
2862 1368 1401
3267 1491 1472
3890 1669 1597
3974 1351 1413
5689 1655 1749
76 1660 1593
467 1426 1450
2546 1667 1731
3506 861 1591
4507 1608 1507
5686 1561 1470
6223 1436 1451
